  [1m[35m (2.6ms)[0m  [1m[35mCREATE TABLE "schema_migrations" ("version" varchar NOT NULL PRIMARY KEY)[0m
  [1m[35m (2.6ms)[0m  [1m[35mCREATE TABLE "ar_internal_metadata" ("key" varchar NOT NULL PRIMARY KEY, "value" varchar, "created_at" datetime(6) NOT NULL, "updated_at" datetime(6) NOT NULL)[0m
  [1m[36mActiveRecord::SchemaMigration Pluck (0.1ms)[0m  [1m[34mSELECT "schema_migrations"."version" FROM "schema_migrations" ORDER BY "schema_migrations"."version" ASC[0m
Migrating to CreateMovies (20230329040324)
  [1m[36mTRANSACTION (0.0ms)[0m  [1m[36mbegin transaction[0m
  [1m[35m (0.2ms)[0m  [1m[35mCREATE TABLE "movies" ("id" integer PRIMARY KEY AUTOINCREMENT NOT NULL, "name" varchar, "description" text, "year" integer, "created_at" datetime(6) NOT NULL, "updated_at" datetime(6) NOT NULL)[0m
  [1m[36mActiveRecord::SchemaMigration Create (0.1ms)[0m  [1m[32mINSERT INTO "schema_migrations" ("version") VALUES (?)[0m  [["version", "20230329040324"]]
  [1m[36mTRANSACTION (2.5ms)[0m  [1m[36mcommit transaction[0m
Migrating to CreateActors (20230329040528)
  [1m[36mTRANSACTION (0.1ms)[0m  [1m[36mbegin transaction[0m
  [1m[35m (0.1ms)[0m  [1m[35mCREATE TABLE "actors" ("id" integer PRIMARY KEY AUTOINCREMENT NOT NULL, "name" varchar, "age" integer, "movie_id" integer NOT NULL, "created_at" datetime(6) NOT NULL, "updated_at" datetime(6) NOT NULL, CONSTRAINT "fk_rails_1d67425e2a"
FOREIGN KEY ("movie_id")
  REFERENCES "movies" ("id")
)[0m
  [1m[35m (0.1ms)[0m  [1m[35mCREATE INDEX "index_actors_on_movie_id" ON "actors" ("movie_id")[0m
  [1m[36mActiveRecord::SchemaMigration Create (0.1ms)[0m  [1m[32mINSERT INTO "schema_migrations" ("version") VALUES (?)[0m  [["version", "20230329040528"]]
  [1m[36mTRANSACTION (2.2ms)[0m  [1m[36mcommit transaction[0m
Migrating to CreateDirectors (20230329040706)
  [1m[36mTRANSACTION (0.0ms)[0m  [1m[36mbegin transaction[0m
  [1m[35m (0.1ms)[0m  [1m[35mCREATE TABLE "directors" ("id" integer PRIMARY KEY AUTOINCREMENT NOT NULL, "name" varchar, "age" integer, "movie_id" integer NOT NULL, "created_at" datetime(6) NOT NULL, "updated_at" datetime(6) NOT NULL, CONSTRAINT "fk_rails_54c9263a5e"
FOREIGN KEY ("movie_id")
  REFERENCES "movies" ("id")
)[0m
  [1m[35m (0.1ms)[0m  [1m[35mCREATE INDEX "index_directors_on_movie_id" ON "directors" ("movie_id")[0m
  [1m[36mActiveRecord::SchemaMigration Create (0.1ms)[0m  [1m[32mINSERT INTO "schema_migrations" ("version") VALUES (?)[0m  [["version", "20230329040706"]]
  [1m[36mTRANSACTION (2.3ms)[0m  [1m[36mcommit transaction[0m
  [1m[36mActiveRecord::InternalMetadata Load (0.1ms)[0m  [1m[34mSELECT "ar_internal_metadata".* FROM "ar_internal_metadata" WHERE "ar_internal_metadata"."key" = ? LIMIT ?[0m  [["key", "environment"], ["LIMIT", 1]]
  [1m[36mTRANSACTION (0.1ms)[0m  [1m[36mbegin transaction[0m
  [1m[36mActiveRecord::InternalMetadata Create (0.2ms)[0m  [1m[32mINSERT INTO "ar_internal_metadata" ("key", "value", "created_at", "updated_at") VALUES (?, ?, ?, ?)[0m  [["key", "environment"], ["value", "development"], ["created_at", "2023-03-29 04:07:24.801371"], ["updated_at", "2023-03-29 04:07:24.801371"]]
  [1m[36mTRANSACTION (2.6ms)[0m  [1m[36mcommit transaction[0m
  [1m[36mActiveRecord::SchemaMigration Pluck (0.0ms)[0m  [1m[34mSELECT "schema_migrations"."version" FROM "schema_migrations" ORDER BY "schema_migrations"."version" ASC[0m
Started POST "/movies" for 127.0.0.1 at 2023-03-29 09:26:41 +0300
  [1m[36mActiveRecord::SchemaMigration Pluck (0.1ms)[0m  [1m[34mSELECT "schema_migrations"."version" FROM "schema_migrations" ORDER BY "schema_migrations"."version" ASC[0m
Processing by MoviesController#create as */*
  Parameters: {"movie"=>{"name"=>"The Shawshank Redemption", "description"=>"Two imprisoned men bond over a number of years, finding solace and eventual redemption through acts of common decency.", "year"=>1994}, "actors"=>[{"name"=>"Tim Robbins", "age"=>62}, {"name"=>"Morgan Freeman", "age"=>84}], "directors"=>[{"name"=>"Frank Darabont", "age"=>62}]}
  [1m[36mTRANSACTION (0.1ms)[0m  [1m[36mbegin transaction[0m
  ↳ app/controllers/movies_controller.rb:15:in `create'
  [1m[36mMovie Create (0.2ms)[0m  [1m[32mINSERT INTO "movies" ("name", "description", "year", "created_at", "updated_at") VALUES (?, ?, ?, ?, ?)[0m  [["name", "The Shawshank Redemption"], ["description", "Two imprisoned men bond over a number of years, finding solace and eventual redemption through acts of common decency."], ["year", 1994], ["created_at", "2023-03-29 06:26:41.345620"], ["updated_at", "2023-03-29 06:26:41.345620"]]
  ↳ app/controllers/movies_controller.rb:15:in `create'
  [1m[36mTRANSACTION (2.5ms)[0m  [1m[36mcommit transaction[0m
  ↳ app/controllers/movies_controller.rb:15:in `create'
Completed 500 Internal Server Error in 61ms (ActiveRecord: 3.5ms | Allocations: 54470)


  
ActiveModel::ForbiddenAttributesError (ActiveModel::ForbiddenAttributesError):
  
app/controllers/movies_controller.rb:18:in `block in create'
app/controllers/movies_controller.rb:17:in `each'
app/controllers/movies_controller.rb:17:in `create'
Started POST "/movies" for 127.0.0.1 at 2023-03-29 09:29:35 +0300
Processing by MoviesController#create as */*
  Parameters: {"movie"=>{"name"=>"The Shawshank Redemption", "description"=>"Two imprisoned men bond over a number of years, finding solace and eventual redemption through acts of common decency.", "year"=>1994}, "actors"=>[{"name"=>"Tim Robbins", "age"=>62}, {"name"=>"Morgan Freeman", "age"=>84}], "directors"=>[{"name"=>"Frank Darabont", "age"=>62}]}
  [1m[36mTRANSACTION (0.0ms)[0m  [1m[36mbegin transaction[0m
  ↳ app/controllers/movies_controller.rb:15:in `create'
  [1m[36mMovie Create (0.2ms)[0m  [1m[32mINSERT INTO "movies" ("name", "description", "year", "created_at", "updated_at") VALUES (?, ?, ?, ?, ?)[0m  [["name", "The Shawshank Redemption"], ["description", "Two imprisoned men bond over a number of years, finding solace and eventual redemption through acts of common decency."], ["year", 1994], ["created_at", "2023-03-29 06:29:35.506050"], ["updated_at", "2023-03-29 06:29:35.506050"]]
  ↳ app/controllers/movies_controller.rb:15:in `create'
  [1m[36mTRANSACTION (6.8ms)[0m  [1m[36mcommit transaction[0m
  ↳ app/controllers/movies_controller.rb:15:in `create'
Completed 500 Internal Server Error in 16ms (ActiveRecord: 7.9ms | Allocations: 6731)


  
ActiveModel::ForbiddenAttributesError (ActiveModel::ForbiddenAttributesError):
  
app/controllers/movies_controller.rb:18:in `block in create'
app/controllers/movies_controller.rb:17:in `each'
app/controllers/movies_controller.rb:17:in `create'
Started POST "/movies" for 127.0.0.1 at 2023-03-29 09:30:33 +0300
Processing by MoviesController#create as */*
  Parameters: {"movie"=>{"name"=>"The Shawshank Redemption", "description"=>"Two imprisoned men bond over a number of years, finding solace and eventual redemption through acts of common decency.", "year"=>1994}, "actors"=>[{"name"=>"Tim Robbins", "age"=>62}, {"name"=>"Morgan Freeman", "age"=>84}], "directors"=>[{"name"=>"Frank Darabont", "age"=>62}]}
  [1m[36mTRANSACTION (0.0ms)[0m  [1m[36mbegin transaction[0m
  ↳ app/controllers/movies_controller.rb:15:in `create'
  [1m[36mMovie Create (0.2ms)[0m  [1m[32mINSERT INTO "movies" ("name", "description", "year", "created_at", "updated_at") VALUES (?, ?, ?, ?, ?)[0m  [["name", "The Shawshank Redemption"], ["description", "Two imprisoned men bond over a number of years, finding solace and eventual redemption through acts of common decency."], ["year", 1994], ["created_at", "2023-03-29 06:30:33.628019"], ["updated_at", "2023-03-29 06:30:33.628019"]]
  ↳ app/controllers/movies_controller.rb:15:in `create'
  [1m[36mTRANSACTION (47.1ms)[0m  [1m[36mcommit transaction[0m
  ↳ app/controllers/movies_controller.rb:15:in `create'
Completed 500 Internal Server Error in 50ms (ActiveRecord: 47.3ms | Allocations: 1868)


  
ActiveModel::ForbiddenAttributesError (ActiveModel::ForbiddenAttributesError):
  
app/controllers/movies_controller.rb:18:in `block in create'
app/controllers/movies_controller.rb:17:in `each'
app/controllers/movies_controller.rb:17:in `create'
Started POST "/movies" for 127.0.0.1 at 2023-03-29 09:33:31 +0300
Processing by MoviesController#create as */*
  Parameters: {"movie"=>{"name"=>"The Shawshank Redemption", "description"=>"Two imprisoned men bond over a number of years, finding solace and eventual redemption through acts of common decency.", "year"=>1994}, "actors"=>[{"name"=>"Tim Robbins", "age"=>62}, {"name"=>"Morgan Freeman", "age"=>84}], "directors"=>[{"name"=>"Frank Darabont", "age"=>62}]}
  [1m[36mTRANSACTION (0.0ms)[0m  [1m[36mbegin transaction[0m
  ↳ app/controllers/movies_controller.rb:15:in `create'
  [1m[36mMovie Create (0.1ms)[0m  [1m[32mINSERT INTO "movies" ("name", "description", "year", "created_at", "updated_at") VALUES (?, ?, ?, ?, ?)[0m  [["name", "The Shawshank Redemption"], ["description", "Two imprisoned men bond over a number of years, finding solace and eventual redemption through acts of common decency."], ["year", 1994], ["created_at", "2023-03-29 06:33:31.976271"], ["updated_at", "2023-03-29 06:33:31.976271"]]
  ↳ app/controllers/movies_controller.rb:15:in `create'
  [1m[36mTRANSACTION (6.8ms)[0m  [1m[36mcommit transaction[0m
  ↳ app/controllers/movies_controller.rb:15:in `create'
Completed 500 Internal Server Error in 17ms (ActiveRecord: 8.1ms | Allocations: 6709)


  
ActiveModel::ForbiddenAttributesError (ActiveModel::ForbiddenAttributesError):
  
app/controllers/movies_controller.rb:18:in `block in create'
app/controllers/movies_controller.rb:17:in `each'
app/controllers/movies_controller.rb:17:in `create'
Started POST "/movies" for 127.0.0.1 at 2023-03-29 09:38:34 +0300
Processing by MoviesController#create as */*
  Parameters: {"movie"=>{"name"=>"The Shawshank Redemption", "description"=>"Two imprisoned men bond over a number of years, finding solace and eventual redemption through acts of common decency.", "year"=>1994}, "actors"=>[{"name"=>"Tim Robbins", "age"=>62}, {"name"=>"Morgan Freeman", "age"=>84}], "directors"=>[{"name"=>"Frank Darabont", "age"=>62}]}
  [1m[36mTRANSACTION (0.0ms)[0m  [1m[36mbegin transaction[0m
  ↳ app/controllers/movies_controller.rb:19:in `create'
  [1m[36mMovie Create (0.2ms)[0m  [1m[32mINSERT INTO "movies" ("name", "description", "year", "created_at", "updated_at") VALUES (?, ?, ?, ?, ?)[0m  [["name", "The Shawshank Redemption"], ["description", "Two imprisoned men bond over a number of years, finding solace and eventual redemption through acts of common decency."], ["year", 1994], ["created_at", "2023-03-29 06:38:34.325929"], ["updated_at", "2023-03-29 06:38:34.325929"]]
  ↳ app/controllers/movies_controller.rb:19:in `create'
  [1m[36mTRANSACTION (7.0ms)[0m  [1m[36mcommit transaction[0m
  ↳ app/controllers/movies_controller.rb:19:in `create'
Completed 500 Internal Server Error in 15ms (ActiveRecord: 7.8ms | Allocations: 6770)


  
ActiveModel::ForbiddenAttributesError (ActiveModel::ForbiddenAttributesError):
  
app/controllers/movies_controller.rb:22:in `block in create'
app/controllers/movies_controller.rb:21:in `each'
app/controllers/movies_controller.rb:21:in `create'
Started POST "/movies" for 127.0.0.1 at 2023-03-29 09:39:18 +0300
Processing by MoviesController#create as */*
  Parameters: {"movie"=>{"name"=>"The Shawshank Redemption", "description"=>"Two imprisoned men bond over a number of years, finding solace and eventual redemption through acts of common decency.", "year"=>1994}, "actors"=>[{"name"=>"Tim Robbins", "age"=>62}, {"name"=>"Morgan Freeman", "age"=>84}], "directors"=>[{"name"=>"Frank Darabont", "age"=>62}]}
  [1m[36mTRANSACTION (0.0ms)[0m  [1m[36mbegin transaction[0m
  ↳ app/controllers/movies_controller.rb:19:in `create'
  [1m[36mMovie Create (0.1ms)[0m  [1m[32mINSERT INTO "movies" ("name", "description", "year", "created_at", "updated_at") VALUES (?, ?, ?, ?, ?)[0m  [["name", "The Shawshank Redemption"], ["description", "Two imprisoned men bond over a number of years, finding solace and eventual redemption through acts of common decency."], ["year", 1994], ["created_at", "2023-03-29 06:39:18.673504"], ["updated_at", "2023-03-29 06:39:18.673504"]]
  ↳ app/controllers/movies_controller.rb:19:in `create'
  [1m[36mTRANSACTION (7.0ms)[0m  [1m[36mcommit transaction[0m
  ↳ app/controllers/movies_controller.rb:19:in `create'
Completed 500 Internal Server Error in 9ms (ActiveRecord: 7.2ms | Allocations: 1945)


  
ActiveModel::ForbiddenAttributesError (ActiveModel::ForbiddenAttributesError):
  
app/controllers/movies_controller.rb:22:in `block in create'
app/controllers/movies_controller.rb:21:in `each'
app/controllers/movies_controller.rb:21:in `create'
Started POST "/movies" for 127.0.0.1 at 2023-03-29 09:39:42 +0300
  [1m[36mActiveRecord::SchemaMigration Pluck (0.1ms)[0m  [1m[34mSELECT "schema_migrations"."version" FROM "schema_migrations" ORDER BY "schema_migrations"."version" ASC[0m
Processing by MoviesController#create as */*
  Parameters: {"movie"=>{"name"=>"The Shawshank Redemption", "description"=>"Two imprisoned men bond over a number of years, finding solace and eventual redemption through acts of common decency.", "year"=>1994}, "actors"=>[{"name"=>"Tim Robbins", "age"=>62}, {"name"=>"Morgan Freeman", "age"=>84}], "directors"=>[{"name"=>"Frank Darabont", "age"=>62}]}
  [1m[36mTRANSACTION (0.1ms)[0m  [1m[36mbegin transaction[0m
  ↳ app/controllers/movies_controller.rb:19:in `create'
  [1m[36mMovie Create (0.2ms)[0m  [1m[32mINSERT INTO "movies" ("name", "description", "year", "created_at", "updated_at") VALUES (?, ?, ?, ?, ?)[0m  [["name", "The Shawshank Redemption"], ["description", "Two imprisoned men bond over a number of years, finding solace and eventual redemption through acts of common decency."], ["year", 1994], ["created_at", "2023-03-29 06:39:42.623592"], ["updated_at", "2023-03-29 06:39:42.623592"]]
  ↳ app/controllers/movies_controller.rb:19:in `create'
  [1m[36mTRANSACTION (6.9ms)[0m  [1m[36mcommit transaction[0m
  ↳ app/controllers/movies_controller.rb:19:in `create'
Completed 500 Internal Server Error in 73ms (ActiveRecord: 8.2ms | Allocations: 54563)


  
ActiveModel::ForbiddenAttributesError (ActiveModel::ForbiddenAttributesError):
  
app/controllers/movies_controller.rb:22:in `block in create'
app/controllers/movies_controller.rb:21:in `each'
app/controllers/movies_controller.rb:21:in `create'
Started POST "/movies" for 127.0.0.1 at 2023-03-29 09:47:10 +0300
Processing by MoviesController#create as */*
  Parameters: {"movie"=>{"name"=>"The Shawshank Redemption", "description"=>"Two imprisoned men bond over a number of years, finding solace and eventual redemption through acts of common decency.", "year"=>1994}, "actors"=>[{"name"=>"Tim Robbins", "age"=>62}, {"name"=>"Morgan Freeman", "age"=>84}], "directors"=>[{"name"=>"Frank Darabont", "age"=>62}]}
  [1m[36mTRANSACTION (0.0ms)[0m  [1m[36mbegin transaction[0m
  ↳ app/controllers/movies_controller.rb:19:in `create'
  [1m[36mMovie Create (0.2ms)[0m  [1m[32mINSERT INTO "movies" ("name", "description", "year", "created_at", "updated_at") VALUES (?, ?, ?, ?, ?)[0m  [["name", "The Shawshank Redemption"], ["description", "Two imprisoned men bond over a number of years, finding solace and eventual redemption through acts of common decency."], ["year", 1994], ["created_at", "2023-03-29 06:47:10.517491"], ["updated_at", "2023-03-29 06:47:10.517491"]]
  ↳ app/controllers/movies_controller.rb:19:in `create'
  [1m[36mTRANSACTION (7.0ms)[0m  [1m[36mcommit transaction[0m
  ↳ app/controllers/movies_controller.rb:19:in `create'
  [1m[36mTRANSACTION (0.1ms)[0m  [1m[36mbegin transaction[0m
  ↳ app/controllers/movies_controller.rb:23:in `block in create'
  [1m[36mActor Create (0.2ms)[0m  [1m[32mINSERT INTO "actors" ("name", "age", "movie_id", "created_at", "updated_at") VALUES (?, ?, ?, ?, ?)[0m  [["name", "Tim Robbins"], ["age", 62], ["movie_id", 8], ["created_at", "2023-03-29 06:47:10.532835"], ["updated_at", "2023-03-29 06:47:10.532835"]]
  ↳ app/controllers/movies_controller.rb:23:in `block in create'
  [1m[36mTRANSACTION (1.9ms)[0m  [1m[36mcommit transaction[0m
  ↳ app/controllers/movies_controller.rb:23:in `block in create'
  [1m[36mTRANSACTION (0.0ms)[0m  [1m[36mbegin transaction[0m
  ↳ app/controllers/movies_controller.rb:23:in `block in create'
  [1m[36mActor Create (0.1ms)[0m  [1m[32mINSERT INTO "actors" ("name", "age", "movie_id", "created_at", "updated_at") VALUES (?, ?, ?, ?, ?)[0m  [["name", "Morgan Freeman"], ["age", 84], ["movie_id", 8], ["created_at", "2023-03-29 06:47:10.537489"], ["updated_at", "2023-03-29 06:47:10.537489"]]
  ↳ app/controllers/movies_controller.rb:23:in `block in create'
  [1m[36mTRANSACTION (1.9ms)[0m  [1m[36mcommit transaction[0m
  ↳ app/controllers/movies_controller.rb:23:in `block in create'
  [1m[36mTRANSACTION (0.0ms)[0m  [1m[36mbegin transaction[0m
  ↳ app/controllers/movies_controller.rb:29:in `block in create'
  [1m[36mDirector Create (0.1ms)[0m  [1m[32mINSERT INTO "directors" ("name", "age", "movie_id", "created_at", "updated_at") VALUES (?, ?, ?, ?, ?)[0m  [["name", "Frank Darabont"], ["age", 62], ["movie_id", 8], ["created_at", "2023-03-29 06:47:10.545097"], ["updated_at", "2023-03-29 06:47:10.545097"]]
  ↳ app/controllers/movies_controller.rb:29:in `block in create'
  [1m[36mTRANSACTION (2.6ms)[0m  [1m[36mcommit transaction[0m
  ↳ app/controllers/movies_controller.rb:29:in `block in create'
  [1m[36mActor Load (0.4ms)[0m  [1m[34mSELECT "actors".* FROM "actors" WHERE "actors"."movie_id" = ?[0m  [["movie_id", 8]]
  ↳ app/controllers/movies_controller.rb:32:in `create'
  [1m[36mDirector Load (0.1ms)[0m  [1m[34mSELECT "directors".* FROM "directors" WHERE "directors"."movie_id" = ?[0m  [["movie_id", 8]]
  ↳ app/controllers/movies_controller.rb:32:in `create'
Completed 201 Created in 47ms (Views: 0.2ms | ActiveRecord: 15.5ms | Allocations: 21681)


Started GET "/movies" for 127.0.0.1 at 2023-03-29 09:47:33 +0300
Processing by MoviesController#index as */*
  Parameters: {"movie"=>{"name"=>"The Shawshank Redemption", "description"=>"Two imprisoned men bond over a number of years, finding solace and eventual redemption through acts of common decency.", "year"=>1994}, "actors"=>[{"name"=>"Tim Robbins", "age"=>62}, {"name"=>"Morgan Freeman", "age"=>84}], "directors"=>[{"name"=>"Frank Darabont", "age"=>62}]}
  [1m[36mMovie Load (0.2ms)[0m  [1m[34mSELECT "movies".* FROM "movies"[0m
  ↳ app/controllers/movies_controller.rb:5:in `index'
  [1m[36mActor Load (0.2ms)[0m  [1m[34mSELECT "actors".* FROM "actors" WHERE "actors"."movie_id" IN (?, ?, ?, ?, ?, ?, ?, ?)[0m  [["movie_id", 1], ["movie_id", 2], ["movie_id", 3], ["movie_id", 4], ["movie_id", 5], ["movie_id", 6], ["movie_id", 7], ["movie_id", 8]]
  ↳ app/controllers/movies_controller.rb:5:in `index'
  [1m[36mDirector Load (0.1ms)[0m  [1m[34mSELECT "directors".* FROM "directors" WHERE "directors"."movie_id" IN (?, ?, ?, ?, ?, ?, ?, ?)[0m  [["movie_id", 1], ["movie_id", 2], ["movie_id", 3], ["movie_id", 4], ["movie_id", 5], ["movie_id", 6], ["movie_id", 7], ["movie_id", 8]]
  ↳ app/controllers/movies_controller.rb:5:in `index'
Completed 200 OK in 15ms (Views: 0.1ms | ActiveRecord: 0.6ms | Allocations: 7329)


Started GET "/movies" for 127.0.0.1 at 2023-03-29 09:47:35 +0300
Processing by MoviesController#index as */*
  Parameters: {"movie"=>{"name"=>"The Shawshank Redemption", "description"=>"Two imprisoned men bond over a number of years, finding solace and eventual redemption through acts of common decency.", "year"=>1994}, "actors"=>[{"name"=>"Tim Robbins", "age"=>62}, {"name"=>"Morgan Freeman", "age"=>84}], "directors"=>[{"name"=>"Frank Darabont", "age"=>62}]}
  [1m[36mMovie Load (0.1ms)[0m  [1m[34mSELECT "movies".* FROM "movies"[0m
  ↳ app/controllers/movies_controller.rb:5:in `index'
  [1m[36mActor Load (0.2ms)[0m  [1m[34mSELECT "actors".* FROM "actors" WHERE "actors"."movie_id" IN (?, ?, ?, ?, ?, ?, ?, ?)[0m  [["movie_id", 1], ["movie_id", 2], ["movie_id", 3], ["movie_id", 4], ["movie_id", 5], ["movie_id", 6], ["movie_id", 7], ["movie_id", 8]]
  ↳ app/controllers/movies_controller.rb:5:in `index'
  [1m[36mDirector Load (0.2ms)[0m  [1m[34mSELECT "directors".* FROM "directors" WHERE "directors"."movie_id" IN (?, ?, ?, ?, ?, ?, ?, ?)[0m  [["movie_id", 1], ["movie_id", 2], ["movie_id", 3], ["movie_id", 4], ["movie_id", 5], ["movie_id", 6], ["movie_id", 7], ["movie_id", 8]]
  ↳ app/controllers/movies_controller.rb:5:in `index'
Completed 200 OK in 6ms (Views: 0.1ms | ActiveRecord: 0.4ms | Allocations: 4235)


Started GET "/actoors" for 127.0.0.1 at 2023-03-29 09:47:46 +0300
  
ActionController::RoutingError (No route matches [GET] "/actoors"):
  
Started GET "/actors" for 127.0.0.1 at 2023-03-29 09:48:06 +0300
Processing by ActorsController#index as */*
  Parameters: {"movie"=>{"name"=>"The Shawshank Redemption", "description"=>"Two imprisoned men bond over a number of years, finding solace and eventual redemption through acts of common decency.", "year"=>1994}, "actors"=>[{"name"=>"Tim Robbins", "age"=>62}, {"name"=>"Morgan Freeman", "age"=>84}], "directors"=>[{"name"=>"Frank Darabont", "age"=>62}], "actor"=>{}}
  [1m[36mActor Load (0.2ms)[0m  [1m[34mSELECT "actors".* FROM "actors"[0m
  ↳ app/controllers/actors_controller.rb:5:in `index'
Completed 200 OK in 2ms (Views: 1.4ms | ActiveRecord: 0.2ms | Allocations: 859)


Started GET "/directors" for 127.0.0.1 at 2023-03-29 09:48:24 +0300
Processing by DirectorsController#index as */*
  Parameters: {"movie"=>{"name"=>"The Shawshank Redemption", "description"=>"Two imprisoned men bond over a number of years, finding solace and eventual redemption through acts of common decency.", "year"=>1994}, "actors"=>[{"name"=>"Tim Robbins", "age"=>62}, {"name"=>"Morgan Freeman", "age"=>84}], "directors"=>[{"name"=>"Frank Darabont", "age"=>62}], "director"=>{}}
  [1m[36mDirector Load (0.1ms)[0m  [1m[34mSELECT "directors".* FROM "directors"[0m
  ↳ app/controllers/directors_controller.rb:5:in `index'
Completed 200 OK in 1ms (Views: 1.1ms | ActiveRecord: 0.1ms | Allocations: 771)


Started GET "/directors/1" for 127.0.0.1 at 2023-03-29 09:48:39 +0300
Processing by DirectorsController#show as */*
  Parameters: {"movie"=>{"name"=>"The Shawshank Redemption", "description"=>"Two imprisoned men bond over a number of years, finding solace and eventual redemption through acts of common decency.", "year"=>1994}, "actors"=>[{"name"=>"Tim Robbins", "age"=>62}, {"name"=>"Morgan Freeman", "age"=>84}], "directors"=>[{"name"=>"Frank Darabont", "age"=>62}], "id"=>"1", "director"=>{}}
  [1m[36mDirector Load (0.2ms)[0m  [1m[34mSELECT "directors".* FROM "directors" WHERE "directors"."id" = ? LIMIT ?[0m  [["id", 1], ["LIMIT", 1]]
  ↳ app/controllers/directors_controller.rb:9:in `show'
Completed 200 OK in 2ms (Views: 0.3ms | ActiveRecord: 0.2ms | Allocations: 740)


Started GET "/actors/1" for 127.0.0.1 at 2023-03-29 09:48:59 +0300
Processing by ActorsController#show as */*
  Parameters: {"movie"=>{"name"=>"The Shawshank Redemption", "description"=>"Two imprisoned men bond over a number of years, finding solace and eventual redemption through acts of common decency.", "year"=>1994}, "actors"=>[{"name"=>"Tim Robbins", "age"=>62}, {"name"=>"Morgan Freeman", "age"=>84}], "directors"=>[{"name"=>"Frank Darabont", "age"=>62}], "id"=>"1", "actor"=>{}}
  [1m[36mActor Load (0.1ms)[0m  [1m[34mSELECT "actors".* FROM "actors" WHERE "actors"."id" = ? LIMIT ?[0m  [["id", 1], ["LIMIT", 1]]
  ↳ app/controllers/actors_controller.rb:9:in `show'
Completed 200 OK in 1ms (Views: 0.3ms | ActiveRecord: 0.1ms | Allocations: 710)


Started GET "/actors/2" for 127.0.0.1 at 2023-03-29 09:49:03 +0300
Processing by ActorsController#show as */*
  Parameters: {"movie"=>{"name"=>"The Shawshank Redemption", "description"=>"Two imprisoned men bond over a number of years, finding solace and eventual redemption through acts of common decency.", "year"=>1994}, "actors"=>[{"name"=>"Tim Robbins", "age"=>62}, {"name"=>"Morgan Freeman", "age"=>84}], "directors"=>[{"name"=>"Frank Darabont", "age"=>62}], "id"=>"2", "actor"=>{}}
  [1m[36mActor Load (0.1ms)[0m  [1m[34mSELECT "actors".* FROM "actors" WHERE "actors"."id" = ? LIMIT ?[0m  [["id", 2], ["LIMIT", 1]]
  ↳ app/controllers/actors_controller.rb:9:in `show'
Completed 200 OK in 1ms (Views: 0.3ms | ActiveRecord: 0.1ms | Allocations: 602)


Started GET "/movies/1" for 127.0.0.1 at 2023-03-29 09:49:14 +0300
Processing by MoviesController#show as */*
  Parameters: {"movie"=>{"name"=>"The Shawshank Redemption", "description"=>"Two imprisoned men bond over a number of years, finding solace and eventual redemption through acts of common decency.", "year"=>1994}, "actors"=>[{"name"=>"Tim Robbins", "age"=>62}, {"name"=>"Morgan Freeman", "age"=>84}], "directors"=>[{"name"=>"Frank Darabont", "age"=>62}], "id"=>"1"}
  [1m[36mMovie Load (0.1ms)[0m  [1m[34mSELECT "movies".* FROM "movies" WHERE "movies"."id" = ? LIMIT ?[0m  [["id", 1], ["LIMIT", 1]]
  ↳ app/controllers/movies_controller.rb:9:in `show'
  [1m[36mActor Load (0.1ms)[0m  [1m[34mSELECT "actors".* FROM "actors" WHERE "actors"."movie_id" = ?[0m  [["movie_id", 1]]
  ↳ app/controllers/movies_controller.rb:10:in `show'
  [1m[36mDirector Load (0.1ms)[0m  [1m[34mSELECT "directors".* FROM "directors" WHERE "directors"."movie_id" = ?[0m  [["movie_id", 1]]
  ↳ app/controllers/movies_controller.rb:10:in `show'
Completed 200 OK in 4ms (Views: 0.1ms | ActiveRecord: 0.3ms | Allocations: 1945)


Started GET "/movies" for 127.0.0.1 at 2023-03-29 09:53:18 +0300
Processing by MoviesController#index as */*
  Parameters: {"movie"=>{"name"=>"The Shawshank Redemption", "description"=>"Two imprisoned men bond over a number of years, finding solace and eventual redemption through acts of common decency.", "year"=>1994}, "actors"=>[{"name"=>"Tim Robbins", "age"=>62}, {"name"=>"Morgan Freeman", "age"=>84}], "directors"=>[{"name"=>"Frank Darabont", "age"=>62}]}
  [1m[36mMovie Load (0.1ms)[0m  [1m[34mSELECT "movies".* FROM "movies"[0m
  ↳ app/controllers/movies_controller.rb:5:in `index'
  [1m[36mActor Load (0.2ms)[0m  [1m[34mSELECT "actors".* FROM "actors" WHERE "actors"."movie_id" IN (?, ?, ?, ?, ?, ?, ?, ?)[0m  [["movie_id", 1], ["movie_id", 2], ["movie_id", 3], ["movie_id", 4], ["movie_id", 5], ["movie_id", 6], ["movie_id", 7], ["movie_id", 8]]
  ↳ app/controllers/movies_controller.rb:5:in `index'
  [1m[36mDirector Load (0.1ms)[0m  [1m[34mSELECT "directors".* FROM "directors" WHERE "directors"."movie_id" IN (?, ?, ?, ?, ?, ?, ?, ?)[0m  [["movie_id", 1], ["movie_id", 2], ["movie_id", 3], ["movie_id", 4], ["movie_id", 5], ["movie_id", 6], ["movie_id", 7], ["movie_id", 8]]
  ↳ app/controllers/movies_controller.rb:5:in `index'
Completed 200 OK in 6ms (Views: 0.1ms | ActiveRecord: 0.4ms | Allocations: 4235)


Started GET "/actor" for 127.0.0.1 at 2023-03-29 09:53:58 +0300
  
ActionController::RoutingError (No route matches [GET] "/actor"):
  
Started GET "/actors" for 127.0.0.1 at 2023-03-29 09:54:03 +0300
Processing by ActorsController#index as */*
  Parameters: {"movie"=>{"name"=>"The Shawshank Redemption", "description"=>"Two imprisoned men bond over a number of years, finding solace and eventual redemption through acts of common decency.", "year"=>1994}, "actors"=>[{"name"=>"Tim Robbins", "age"=>62}, {"name"=>"Morgan Freeman", "age"=>84}], "directors"=>[{"name"=>"Frank Darabont", "age"=>62}], "actor"=>{}}
  [1m[36mActor Load (0.1ms)[0m  [1m[34mSELECT "actors".* FROM "actors"[0m
  ↳ app/controllers/actors_controller.rb:5:in `index'
Completed 200 OK in 2ms (Views: 1.2ms | ActiveRecord: 0.1ms | Allocations: 820)


Started GET "/actors/2" for 127.0.0.1 at 2023-03-29 09:54:17 +0300
Processing by ActorsController#show as */*
  Parameters: {"movie"=>{"name"=>"The Shawshank Redemption", "description"=>"Two imprisoned men bond over a number of years, finding solace and eventual redemption through acts of common decency.", "year"=>1994}, "actors"=>[{"name"=>"Tim Robbins", "age"=>62}, {"name"=>"Morgan Freeman", "age"=>84}], "directors"=>[{"name"=>"Frank Darabont", "age"=>62}], "id"=>"2", "actor"=>{}}
  [1m[36mActor Load (0.1ms)[0m  [1m[34mSELECT "actors".* FROM "actors" WHERE "actors"."id" = ? LIMIT ?[0m  [["id", 2], ["LIMIT", 1]]
  ↳ app/controllers/actors_controller.rb:9:in `show'
Completed 200 OK in 1ms (Views: 0.3ms | ActiveRecord: 0.1ms | Allocations: 586)


Started POST "/movies" for 127.0.0.1 at 2023-03-29 10:01:10 +0300
Processing by MoviesController#create as */*
  Parameters: {"username"=>"faisal", "email"=>"faisal@email.com", "password"=>"[FILTERED]", "movie"=>{}}
Completed 400 Bad Request in 0ms (Allocations: 148)


  
ActionController::ParameterMissing (param is missing or the value is empty: movie):
  
app/controllers/movies_controller.rb:14:in `create'
Started GET "/movies" for 127.0.0.1 at 2023-03-29 10:01:17 +0300
Processing by MoviesController#index as */*
  Parameters: {"username"=>"faisal", "email"=>"faisal@email.com", "password"=>"[FILTERED]", "movie"=>{}}
  [1m[36mMovie Load (0.1ms)[0m  [1m[34mSELECT "movies".* FROM "movies"[0m
  ↳ app/controllers/movies_controller.rb:5:in `index'
  [1m[36mActor Load (0.1ms)[0m  [1m[34mSELECT "actors".* FROM "actors" WHERE "actors"."movie_id" IN (?, ?, ?, ?, ?, ?, ?, ?)[0m  [["movie_id", 1], ["movie_id", 2], ["movie_id", 3], ["movie_id", 4], ["movie_id", 5], ["movie_id", 6], ["movie_id", 7], ["movie_id", 8]]
  ↳ app/controllers/movies_controller.rb:5:in `index'
  [1m[36mDirector Load (0.1ms)[0m  [1m[34mSELECT "directors".* FROM "directors" WHERE "directors"."movie_id" IN (?, ?, ?, ?, ?, ?, ?, ?)[0m  [["movie_id", 1], ["movie_id", 2], ["movie_id", 3], ["movie_id", 4], ["movie_id", 5], ["movie_id", 6], ["movie_id", 7], ["movie_id", 8]]
  ↳ app/controllers/movies_controller.rb:5:in `index'
Completed 200 OK in 5ms (Views: 0.1ms | ActiveRecord: 0.5ms | Allocations: 4376)


Started GET "/movies/1" for 127.0.0.1 at 2023-03-29 10:06:22 +0300
  [1m[36mActiveRecord::SchemaMigration Pluck (0.1ms)[0m  [1m[34mSELECT "schema_migrations"."version" FROM "schema_migrations" ORDER BY "schema_migrations"."version" ASC[0m
Processing by MoviesController#show as */*
  Parameters: {"username"=>"faisal", "email"=>"faisal@email.com", "password"=>"[FILTERED]", "id"=>"1", "movie"=>{}}
  [1m[36mMovie Load (0.1ms)[0m  [1m[34mSELECT "movies".* FROM "movies" WHERE "movies"."id" = ? LIMIT ?[0m  [["id", 1], ["LIMIT", 1]]
  ↳ app/controllers/movies_controller.rb:9:in `show'
  [1m[36mActor Load (0.1ms)[0m  [1m[34mSELECT "actors".* FROM "actors" WHERE "actors"."movie_id" = ?[0m  [["movie_id", 1]]
  ↳ app/controllers/movies_controller.rb:10:in `show'
  [1m[36mDirector Load (0.1ms)[0m  [1m[34mSELECT "directors".* FROM "directors" WHERE "directors"."movie_id" = ?[0m  [["movie_id", 1]]
  ↳ app/controllers/movies_controller.rb:10:in `show'
Completed 200 OK in 59ms (Views: 0.3ms | ActiveRecord: 1.2ms | Allocations: 47244)


Started GET "/movies/1/actors" for 127.0.0.1 at 2023-03-29 10:06:37 +0300
  
ActionController::RoutingError (No route matches [GET] "/movies/1/actors"):
  
Started GET "/movies/1" for 127.0.0.1 at 2023-03-29 10:06:44 +0300
Processing by MoviesController#show as */*
  Parameters: {"username"=>"faisal", "email"=>"faisal@email.com", "password"=>"[FILTERED]", "id"=>"1", "movie"=>{}}
  [1m[36mMovie Load (0.1ms)[0m  [1m[34mSELECT "movies".* FROM "movies" WHERE "movies"."id" = ? LIMIT ?[0m  [["id", 1], ["LIMIT", 1]]
  ↳ app/controllers/movies_controller.rb:9:in `show'
  [1m[36mActor Load (0.1ms)[0m  [1m[34mSELECT "actors".* FROM "actors" WHERE "actors"."movie_id" = ?[0m  [["movie_id", 1]]
  ↳ app/controllers/movies_controller.rb:10:in `show'
  [1m[36mDirector Load (0.0ms)[0m  [1m[34mSELECT "directors".* FROM "directors" WHERE "directors"."movie_id" = ?[0m  [["movie_id", 1]]
  ↳ app/controllers/movies_controller.rb:10:in `show'
Completed 200 OK in 5ms (Views: 0.1ms | ActiveRecord: 0.2ms | Allocations: 1838)


Started GET "/movies/7" for 127.0.0.1 at 2023-03-29 10:06:48 +0300
Processing by MoviesController#show as */*
  Parameters: {"username"=>"faisal", "email"=>"faisal@email.com", "password"=>"[FILTERED]", "id"=>"7", "movie"=>{}}
  [1m[36mMovie Load (0.1ms)[0m  [1m[34mSELECT "movies".* FROM "movies" WHERE "movies"."id" = ? LIMIT ?[0m  [["id", 7], ["LIMIT", 1]]
  ↳ app/controllers/movies_controller.rb:9:in `show'
  [1m[36mActor Load (0.1ms)[0m  [1m[34mSELECT "actors".* FROM "actors" WHERE "actors"."movie_id" = ?[0m  [["movie_id", 7]]
  ↳ app/controllers/movies_controller.rb:10:in `show'
  [1m[36mDirector Load (0.1ms)[0m  [1m[34mSELECT "directors".* FROM "directors" WHERE "directors"."movie_id" = ?[0m  [["movie_id", 7]]
  ↳ app/controllers/movies_controller.rb:10:in `show'
Completed 200 OK in 4ms (Views: 0.1ms | ActiveRecord: 0.2ms | Allocations: 1839)


Started GET "/movies/8" for 127.0.0.1 at 2023-03-29 10:06:58 +0300
Processing by MoviesController#show as */*
  Parameters: {"username"=>"faisal", "email"=>"faisal@email.com", "password"=>"[FILTERED]", "id"=>"8", "movie"=>{}}
  [1m[36mMovie Load (0.1ms)[0m  [1m[34mSELECT "movies".* FROM "movies" WHERE "movies"."id" = ? LIMIT ?[0m  [["id", 8], ["LIMIT", 1]]
  ↳ app/controllers/movies_controller.rb:9:in `show'
  [1m[36mActor Load (0.1ms)[0m  [1m[34mSELECT "actors".* FROM "actors" WHERE "actors"."movie_id" = ?[0m  [["movie_id", 8]]
  ↳ app/controllers/movies_controller.rb:10:in `show'
  [1m[36mDirector Load (0.1ms)[0m  [1m[34mSELECT "directors".* FROM "directors" WHERE "directors"."movie_id" = ?[0m  [["movie_id", 8]]
  ↳ app/controllers/movies_controller.rb:10:in `show'
Completed 200 OK in 24ms (Views: 0.1ms | ActiveRecord: 0.5ms | Allocations: 17955)


Started POST "/movies" for 127.0.0.1 at 2023-03-29 10:07:42 +0300
Processing by MoviesController#create as */*
  Parameters: {"id"=>8, "name"=>"The Shawshank Redemption", "description"=>"Two imprisoned men bond over a number of years, finding solace and eventual redemption through acts of common decency.", "year"=>1994, "created_at"=>"2023-03-29T06:47:10.517Z", "updated_at"=>"2023-03-29T06:47:10.517Z", "actors"=>[{"id"=>1, "name"=>"Tim Robbins", "age"=>62, "movie_id"=>8, "created_at"=>"2023-03-29T06:47:10.532Z", "updated_at"=>"2023-03-29T06:47:10.532Z"}, {"id"=>2, "name"=>"Morgan Freeman", "age"=>84, "movie_id"=>8, "created_at"=>"2023-03-29T06:47:10.537Z", "updated_at"=>"2023-03-29T06:47:10.537Z"}], "directors"=>[{"id"=>1, "name"=>"Frank faisal Darabont", "age"=>62, "movie_id"=>8, "created_at"=>"2023-03-29T06:47:10.545Z", "updated_at"=>"2023-03-29T06:47:10.545Z"}], "movie"=>{"id"=>8, "name"=>"The Shawshank Redemption", "description"=>"Two imprisoned men bond over a number of years, finding solace and eventual redemption through acts of common decency.", "year"=>1994, "created_at"=>"2023-03-29T06:47:10.517Z", "updated_at"=>"2023-03-29T06:47:10.517Z"}}
[31mUnpermitted parameters: :id, :created_at, :updated_at. Context: { controller: MoviesController, action: create, request: #<ActionDispatch::Request:0x00007f1a60b933f0>, params: {"id"=>8, "name"=>"The Shawshank Redemption", "description"=>"Two imprisoned men bond over a number of years, finding solace and eventual redemption through acts of common decency.", "year"=>1994, "created_at"=>"2023-03-29T06:47:10.517Z", "updated_at"=>"2023-03-29T06:47:10.517Z", "actors"=>[{"id"=>1, "name"=>"Tim Robbins", "age"=>62, "movie_id"=>8, "created_at"=>"2023-03-29T06:47:10.532Z", "updated_at"=>"2023-03-29T06:47:10.532Z"}, {"id"=>2, "name"=>"Morgan Freeman", "age"=>84, "movie_id"=>8, "created_at"=>"2023-03-29T06:47:10.537Z", "updated_at"=>"2023-03-29T06:47:10.537Z"}], "directors"=>[{"id"=>1, "name"=>"Frank faisal Darabont", "age"=>62, "movie_id"=>8, "created_at"=>"2023-03-29T06:47:10.545Z", "updated_at"=>"2023-03-29T06:47:10.545Z"}], "controller"=>"movies", "action"=>"create", "movie"=>{"id"=>8, "name"=>"The Shawshank Redemption", "description"=>"Two imprisoned men bond over a number of years, finding solace and eventual redemption through acts of common decency.", "year"=>1994, "created_at"=>"2023-03-29T06:47:10.517Z", "updated_at"=>"2023-03-29T06:47:10.517Z"}} }[0m
[31mUnpermitted parameters: :id, :movie_id, :created_at, :updated_at. Context: { controller: MoviesController, action: create, request: #<ActionDispatch::Request:0x00007f1a60b933f0>, params: {"id"=>8, "name"=>"The Shawshank Redemption", "description"=>"Two imprisoned men bond over a number of years, finding solace and eventual redemption through acts of common decency.", "year"=>1994, "created_at"=>"2023-03-29T06:47:10.517Z", "updated_at"=>"2023-03-29T06:47:10.517Z", "actors"=>[{"id"=>1, "name"=>"Tim Robbins", "age"=>62, "movie_id"=>8, "created_at"=>"2023-03-29T06:47:10.532Z", "updated_at"=>"2023-03-29T06:47:10.532Z"}, {"id"=>2, "name"=>"Morgan Freeman", "age"=>84, "movie_id"=>8, "created_at"=>"2023-03-29T06:47:10.537Z", "updated_at"=>"2023-03-29T06:47:10.537Z"}], "directors"=>[{"id"=>1, "name"=>"Frank faisal Darabont", "age"=>62, "movie_id"=>8, "created_at"=>"2023-03-29T06:47:10.545Z", "updated_at"=>"2023-03-29T06:47:10.545Z"}], "controller"=>"movies", "action"=>"create", "movie"=>{"id"=>8, "name"=>"The Shawshank Redemption", "description"=>"Two imprisoned men bond over a number of years, finding solace and eventual redemption through acts of common decency.", "year"=>1994, "created_at"=>"2023-03-29T06:47:10.517Z", "updated_at"=>"2023-03-29T06:47:10.517Z"}} }[0m
[31mUnpermitted parameters: :id, :movie_id, :created_at, :updated_at. Context: { controller: MoviesController, action: create, request: #<ActionDispatch::Request:0x00007f1a60b933f0>, params: {"id"=>8, "name"=>"The Shawshank Redemption", "description"=>"Two imprisoned men bond over a number of years, finding solace and eventual redemption through acts of common decency.", "year"=>1994, "created_at"=>"2023-03-29T06:47:10.517Z", "updated_at"=>"2023-03-29T06:47:10.517Z", "actors"=>[{"id"=>1, "name"=>"Tim Robbins", "age"=>62, "movie_id"=>8, "created_at"=>"2023-03-29T06:47:10.532Z", "updated_at"=>"2023-03-29T06:47:10.532Z"}, {"id"=>2, "name"=>"Morgan Freeman", "age"=>84, "movie_id"=>8, "created_at"=>"2023-03-29T06:47:10.537Z", "updated_at"=>"2023-03-29T06:47:10.537Z"}], "directors"=>[{"id"=>1, "name"=>"Frank faisal Darabont", "age"=>62, "movie_id"=>8, "created_at"=>"2023-03-29T06:47:10.545Z", "updated_at"=>"2023-03-29T06:47:10.545Z"}], "controller"=>"movies", "action"=>"create", "movie"=>{"id"=>8, "name"=>"The Shawshank Redemption", "description"=>"Two imprisoned men bond over a number of years, finding solace and eventual redemption through acts of common decency.", "year"=>1994, "created_at"=>"2023-03-29T06:47:10.517Z", "updated_at"=>"2023-03-29T06:47:10.517Z"}} }[0m
[31mUnpermitted parameters: :id, :movie_id, :created_at, :updated_at. Context: { controller: MoviesController, action: create, request: #<ActionDispatch::Request:0x00007f1a60b933f0>, params: {"id"=>8, "name"=>"The Shawshank Redemption", "description"=>"Two imprisoned men bond over a number of years, finding solace and eventual redemption through acts of common decency.", "year"=>1994, "created_at"=>"2023-03-29T06:47:10.517Z", "updated_at"=>"2023-03-29T06:47:10.517Z", "actors"=>[{"id"=>1, "name"=>"Tim Robbins", "age"=>62, "movie_id"=>8, "created_at"=>"2023-03-29T06:47:10.532Z", "updated_at"=>"2023-03-29T06:47:10.532Z"}, {"id"=>2, "name"=>"Morgan Freeman", "age"=>84, "movie_id"=>8, "created_at"=>"2023-03-29T06:47:10.537Z", "updated_at"=>"2023-03-29T06:47:10.537Z"}], "directors"=>[{"id"=>1, "name"=>"Frank faisal Darabont", "age"=>62, "movie_id"=>8, "created_at"=>"2023-03-29T06:47:10.545Z", "updated_at"=>"2023-03-29T06:47:10.545Z"}], "controller"=>"movies", "action"=>"create", "movie"=>{"id"=>8, "name"=>"The Shawshank Redemption", "description"=>"Two imprisoned men bond over a number of years, finding solace and eventual redemption through acts of common decency.", "year"=>1994, "created_at"=>"2023-03-29T06:47:10.517Z", "updated_at"=>"2023-03-29T06:47:10.517Z"}} }[0m
  [1m[36mTRANSACTION (0.1ms)[0m  [1m[36mbegin transaction[0m
  ↳ app/controllers/movies_controller.rb:19:in `create'
  [1m[36mMovie Create (0.3ms)[0m  [1m[32mINSERT INTO "movies" ("name", "description", "year", "created_at", "updated_at") VALUES (?, ?, ?, ?, ?)[0m  [["name", "The Shawshank Redemption"], ["description", "Two imprisoned men bond over a number of years, finding solace and eventual redemption through acts of common decency."], ["year", 1994], ["created_at", "2023-03-29 07:07:42.705522"], ["updated_at", "2023-03-29 07:07:42.705522"]]
  ↳ app/controllers/movies_controller.rb:19:in `create'
  [1m[36mTRANSACTION (7.0ms)[0m  [1m[36mcommit transaction[0m
  ↳ app/controllers/movies_controller.rb:19:in `create'
  [1m[36mTRANSACTION (0.0ms)[0m  [1m[36mbegin transaction[0m
  ↳ app/controllers/movies_controller.rb:23:in `block in create'
  [1m[36mActor Create (0.2ms)[0m  [1m[32mINSERT INTO "actors" ("name", "age", "movie_id", "created_at", "updated_at") VALUES (?, ?, ?, ?, ?)[0m  [["name", "Tim Robbins"], ["age", 62], ["movie_id", 9], ["created_at", "2023-03-29 07:07:42.716053"], ["updated_at", "2023-03-29 07:07:42.716053"]]
  ↳ app/controllers/movies_controller.rb:23:in `block in create'
  [1m[36mTRANSACTION (1.9ms)[0m  [1m[36mcommit transaction[0m
  ↳ app/controllers/movies_controller.rb:23:in `block in create'
  [1m[36mTRANSACTION (0.0ms)[0m  [1m[36mbegin transaction[0m
  ↳ app/controllers/movies_controller.rb:23:in `block in create'
  [1m[36mActor Create (0.1ms)[0m  [1m[32mINSERT INTO "actors" ("name", "age", "movie_id", "created_at", "updated_at") VALUES (?, ?, ?, ?, ?)[0m  [["name", "Morgan Freeman"], ["age", 84], ["movie_id", 9], ["created_at", "2023-03-29 07:07:42.720259"], ["updated_at", "2023-03-29 07:07:42.720259"]]
  ↳ app/controllers/movies_controller.rb:23:in `block in create'
  [1m[36mTRANSACTION (1.8ms)[0m  [1m[36mcommit transaction[0m
  ↳ app/controllers/movies_controller.rb:23:in `block in create'
  [1m[36mTRANSACTION (0.0ms)[0m  [1m[36mbegin transaction[0m
  ↳ app/controllers/movies_controller.rb:29:in `block in create'
  [1m[36mDirector Create (0.1ms)[0m  [1m[32mINSERT INTO "directors" ("name", "age", "movie_id", "created_at", "updated_at") VALUES (?, ?, ?, ?, ?)[0m  [["name", "Frank faisal Darabont"], ["age", 62], ["movie_id", 9], ["created_at", "2023-03-29 07:07:42.724194"], ["updated_at", "2023-03-29 07:07:42.724194"]]
  ↳ app/controllers/movies_controller.rb:29:in `block in create'
  [1m[36mTRANSACTION (2.0ms)[0m  [1m[36mcommit transaction[0m
  ↳ app/controllers/movies_controller.rb:29:in `block in create'
  [1m[36mActor Load (0.1ms)[0m  [1m[34mSELECT "actors".* FROM "actors" WHERE "actors"."movie_id" = ?[0m  [["movie_id", 9]]
  ↳ app/controllers/movies_controller.rb:32:in `create'
  [1m[36mDirector Load (0.1ms)[0m  [1m[34mSELECT "directors".* FROM "directors" WHERE "directors"."movie_id" = ?[0m  [["movie_id", 9]]
  ↳ app/controllers/movies_controller.rb:32:in `create'
Completed 201 Created in 26ms (Views: 0.1ms | ActiveRecord: 13.8ms | Allocations: 9483)


Started GET "/movies/9" for 127.0.0.1 at 2023-03-29 10:07:56 +0300
Processing by MoviesController#show as */*
  Parameters: {"id"=>"9", "name"=>"The Shawshank Redemption", "description"=>"Two imprisoned men bond over a number of years, finding solace and eventual redemption through acts of common decency.", "year"=>1994, "created_at"=>"2023-03-29T06:47:10.517Z", "updated_at"=>"2023-03-29T06:47:10.517Z", "actors"=>[{"id"=>1, "name"=>"Tim Robbins", "age"=>62, "movie_id"=>8, "created_at"=>"2023-03-29T06:47:10.532Z", "updated_at"=>"2023-03-29T06:47:10.532Z"}, {"id"=>2, "name"=>"Morgan Freeman", "age"=>84, "movie_id"=>8, "created_at"=>"2023-03-29T06:47:10.537Z", "updated_at"=>"2023-03-29T06:47:10.537Z"}], "directors"=>[{"id"=>1, "name"=>"Frank faisal Darabont", "age"=>62, "movie_id"=>8, "created_at"=>"2023-03-29T06:47:10.545Z", "updated_at"=>"2023-03-29T06:47:10.545Z"}], "movie"=>{"id"=>"9", "name"=>"The Shawshank Redemption", "description"=>"Two imprisoned men bond over a number of years, finding solace and eventual redemption through acts of common decency.", "year"=>1994, "created_at"=>"2023-03-29T06:47:10.517Z", "updated_at"=>"2023-03-29T06:47:10.517Z"}}
  [1m[36mMovie Load (0.1ms)[0m  [1m[34mSELECT "movies".* FROM "movies" WHERE "movies"."id" = ? LIMIT ?[0m  [["id", 9], ["LIMIT", 1]]
  ↳ app/controllers/movies_controller.rb:9:in `show'
  [1m[36mActor Load (0.1ms)[0m  [1m[34mSELECT "actors".* FROM "actors" WHERE "actors"."movie_id" = ?[0m  [["movie_id", 9]]
  ↳ app/controllers/movies_controller.rb:10:in `show'
  [1m[36mDirector Load (0.1ms)[0m  [1m[34mSELECT "directors".* FROM "directors" WHERE "directors"."movie_id" = ?[0m  [["movie_id", 9]]
  ↳ app/controllers/movies_controller.rb:10:in `show'
Completed 200 OK in 4ms (Views: 0.1ms | ActiveRecord: 0.2ms | Allocations: 2166)


Started DELETE "/movies/1" for 127.0.0.1 at 2023-03-29 10:24:25 +0300
Processing by MoviesController#destroy as */*
  Parameters: {"id"=>"1", "name"=>"The Shawshank Redemption", "description"=>"Two imprisoned men bond over a number of years, finding solace and eventual redemption through acts of common decency.", "year"=>1994, "created_at"=>"2023-03-29T06:47:10.517Z", "updated_at"=>"2023-03-29T06:47:10.517Z", "actors"=>[{"id"=>1, "name"=>"Tim Robbins", "age"=>62, "movie_id"=>8, "created_at"=>"2023-03-29T06:47:10.532Z", "updated_at"=>"2023-03-29T06:47:10.532Z"}, {"id"=>2, "name"=>"Morgan Freeman", "age"=>84, "movie_id"=>8, "created_at"=>"2023-03-29T06:47:10.537Z", "updated_at"=>"2023-03-29T06:47:10.537Z"}], "directors"=>[{"id"=>1, "name"=>"Frank faisal Darabont", "age"=>62, "movie_id"=>8, "created_at"=>"2023-03-29T06:47:10.545Z", "updated_at"=>"2023-03-29T06:47:10.545Z"}], "movie"=>{"id"=>"1", "name"=>"The Shawshank Redemption", "description"=>"Two imprisoned men bond over a number of years, finding solace and eventual redemption through acts of common decency.", "year"=>1994, "created_at"=>"2023-03-29T06:47:10.517Z", "updated_at"=>"2023-03-29T06:47:10.517Z"}}
  [1m[36mMovie Load (0.1ms)[0m  [1m[34mSELECT "movies".* FROM "movies" WHERE "movies"."id" = ? LIMIT ?[0m  [["id", 1], ["LIMIT", 1]]
  ↳ app/controllers/movies_controller.rb:41:in `destroy'
  [1m[36mTRANSACTION (0.0ms)[0m  [1m[36mbegin transaction[0m
  ↳ app/controllers/movies_controller.rb:42:in `destroy'
  [1m[36mMovie Destroy (0.1ms)[0m  [1m[31mDELETE FROM "movies" WHERE "movies"."id" = ?[0m  [["id", 1]]
  ↳ app/controllers/movies_controller.rb:42:in `destroy'
  [1m[36mTRANSACTION (46.7ms)[0m  [1m[36mcommit transaction[0m
  ↳ app/controllers/movies_controller.rb:42:in `destroy'
Completed 200 OK in 51ms (Views: 0.2ms | ActiveRecord: 47.2ms | Allocations: 3142)


Started DELETE "/movies/2" for 127.0.0.1 at 2023-03-29 10:24:29 +0300
Processing by MoviesController#destroy as */*
  Parameters: {"id"=>"2", "name"=>"The Shawshank Redemption", "description"=>"Two imprisoned men bond over a number of years, finding solace and eventual redemption through acts of common decency.", "year"=>1994, "created_at"=>"2023-03-29T06:47:10.517Z", "updated_at"=>"2023-03-29T06:47:10.517Z", "actors"=>[{"id"=>1, "name"=>"Tim Robbins", "age"=>62, "movie_id"=>8, "created_at"=>"2023-03-29T06:47:10.532Z", "updated_at"=>"2023-03-29T06:47:10.532Z"}, {"id"=>2, "name"=>"Morgan Freeman", "age"=>84, "movie_id"=>8, "created_at"=>"2023-03-29T06:47:10.537Z", "updated_at"=>"2023-03-29T06:47:10.537Z"}], "directors"=>[{"id"=>1, "name"=>"Frank faisal Darabont", "age"=>62, "movie_id"=>8, "created_at"=>"2023-03-29T06:47:10.545Z", "updated_at"=>"2023-03-29T06:47:10.545Z"}], "movie"=>{"id"=>"2", "name"=>"The Shawshank Redemption", "description"=>"Two imprisoned men bond over a number of years, finding solace and eventual redemption through acts of common decency.", "year"=>1994, "created_at"=>"2023-03-29T06:47:10.517Z", "updated_at"=>"2023-03-29T06:47:10.517Z"}}
  [1m[36mMovie Load (0.1ms)[0m  [1m[34mSELECT "movies".* FROM "movies" WHERE "movies"."id" = ? LIMIT ?[0m  [["id", 2], ["LIMIT", 1]]
  ↳ app/controllers/movies_controller.rb:41:in `destroy'
  [1m[36mTRANSACTION (0.0ms)[0m  [1m[36mbegin transaction[0m
  ↳ app/controllers/movies_controller.rb:42:in `destroy'
  [1m[36mMovie Destroy (0.2ms)[0m  [1m[31mDELETE FROM "movies" WHERE "movies"."id" = ?[0m  [["id", 2]]
  ↳ app/controllers/movies_controller.rb:42:in `destroy'
  [1m[36mTRANSACTION (7.6ms)[0m  [1m[36mcommit transaction[0m
  ↳ app/controllers/movies_controller.rb:42:in `destroy'
Completed 200 OK in 10ms (Views: 0.1ms | ActiveRecord: 7.9ms | Allocations: 1791)


Started DELETE "/movies/3" for 127.0.0.1 at 2023-03-29 10:24:35 +0300
Processing by MoviesController#destroy as */*
  Parameters: {"id"=>"3", "name"=>"The Shawshank Redemption", "description"=>"Two imprisoned men bond over a number of years, finding solace and eventual redemption through acts of common decency.", "year"=>1994, "created_at"=>"2023-03-29T06:47:10.517Z", "updated_at"=>"2023-03-29T06:47:10.517Z", "actors"=>[{"id"=>1, "name"=>"Tim Robbins", "age"=>62, "movie_id"=>8, "created_at"=>"2023-03-29T06:47:10.532Z", "updated_at"=>"2023-03-29T06:47:10.532Z"}, {"id"=>2, "name"=>"Morgan Freeman", "age"=>84, "movie_id"=>8, "created_at"=>"2023-03-29T06:47:10.537Z", "updated_at"=>"2023-03-29T06:47:10.537Z"}], "directors"=>[{"id"=>1, "name"=>"Frank faisal Darabont", "age"=>62, "movie_id"=>8, "created_at"=>"2023-03-29T06:47:10.545Z", "updated_at"=>"2023-03-29T06:47:10.545Z"}], "movie"=>{"id"=>"3", "name"=>"The Shawshank Redemption", "description"=>"Two imprisoned men bond over a number of years, finding solace and eventual redemption through acts of common decency.", "year"=>1994, "created_at"=>"2023-03-29T06:47:10.517Z", "updated_at"=>"2023-03-29T06:47:10.517Z"}}
  [1m[36mMovie Load (0.1ms)[0m  [1m[34mSELECT "movies".* FROM "movies" WHERE "movies"."id" = ? LIMIT ?[0m  [["id", 3], ["LIMIT", 1]]
  ↳ app/controllers/movies_controller.rb:41:in `destroy'
  [1m[36mTRANSACTION (0.0ms)[0m  [1m[36mbegin transaction[0m
  ↳ app/controllers/movies_controller.rb:42:in `destroy'
  [1m[36mMovie Destroy (0.2ms)[0m  [1m[31mDELETE FROM "movies" WHERE "movies"."id" = ?[0m  [["id", 3]]
  ↳ app/controllers/movies_controller.rb:42:in `destroy'
  [1m[36mTRANSACTION (2.1ms)[0m  [1m[36mcommit transaction[0m
  ↳ app/controllers/movies_controller.rb:42:in `destroy'
Completed 200 OK in 5ms (Views: 0.2ms | ActiveRecord: 2.4ms | Allocations: 1791)


Started GET "/movies" for 127.0.0.1 at 2023-03-29 10:24:55 +0300
Processing by MoviesController#index as */*
  Parameters: {"id"=>8, "name"=>"The Shawshank Redemption", "description"=>"Two imprisoned men bond over a number of years, finding solace and eventual redemption through acts of common decency.", "year"=>1994, "created_at"=>"2023-03-29T06:47:10.517Z", "updated_at"=>"2023-03-29T06:47:10.517Z", "actors"=>[{"id"=>1, "name"=>"Tim Robbins", "age"=>62, "movie_id"=>8, "created_at"=>"2023-03-29T06:47:10.532Z", "updated_at"=>"2023-03-29T06:47:10.532Z"}, {"id"=>2, "name"=>"Morgan Freeman", "age"=>84, "movie_id"=>8, "created_at"=>"2023-03-29T06:47:10.537Z", "updated_at"=>"2023-03-29T06:47:10.537Z"}], "directors"=>[{"id"=>1, "name"=>"Frank faisal Darabont", "age"=>62, "movie_id"=>8, "created_at"=>"2023-03-29T06:47:10.545Z", "updated_at"=>"2023-03-29T06:47:10.545Z"}], "movie"=>{"id"=>8, "name"=>"The Shawshank Redemption", "description"=>"Two imprisoned men bond over a number of years, finding solace and eventual redemption through acts of common decency.", "year"=>1994, "created_at"=>"2023-03-29T06:47:10.517Z", "updated_at"=>"2023-03-29T06:47:10.517Z"}}
  [1m[36mMovie Load (0.2ms)[0m  [1m[34mSELECT "movies".* FROM "movies"[0m
  ↳ app/controllers/movies_controller.rb:5:in `index'
  [1m[36mActor Load (0.2ms)[0m  [1m[34mSELECT "actors".* FROM "actors" WHERE "actors"."movie_id" IN (?, ?, ?, ?, ?, ?)[0m  [["movie_id", 4], ["movie_id", 5], ["movie_id", 6], ["movie_id", 7], ["movie_id", 8], ["movie_id", 9]]
  ↳ app/controllers/movies_controller.rb:5:in `index'
  [1m[36mDirector Load (0.1ms)[0m  [1m[34mSELECT "directors".* FROM "directors" WHERE "directors"."movie_id" IN (?, ?, ?, ?, ?, ?)[0m  [["movie_id", 4], ["movie_id", 5], ["movie_id", 6], ["movie_id", 7], ["movie_id", 8], ["movie_id", 9]]
  ↳ app/controllers/movies_controller.rb:5:in `index'
Completed 200 OK in 15ms (Views: 0.1ms | ActiveRecord: 0.5ms | Allocations: 12557)


Started DELETE "/movies/4" for 127.0.0.1 at 2023-03-29 10:25:21 +0300
Processing by MoviesController#destroy as */*
  Parameters: {"id"=>"4", "name"=>"The Shawshank Redemption", "description"=>"Two imprisoned men bond over a number of years, finding solace and eventual redemption through acts of common decency.", "year"=>1994, "created_at"=>"2023-03-29T06:47:10.517Z", "updated_at"=>"2023-03-29T06:47:10.517Z", "actors"=>[{"id"=>1, "name"=>"Tim Robbins", "age"=>62, "movie_id"=>8, "created_at"=>"2023-03-29T06:47:10.532Z", "updated_at"=>"2023-03-29T06:47:10.532Z"}, {"id"=>2, "name"=>"Morgan Freeman", "age"=>84, "movie_id"=>8, "created_at"=>"2023-03-29T06:47:10.537Z", "updated_at"=>"2023-03-29T06:47:10.537Z"}], "directors"=>[{"id"=>1, "name"=>"Frank faisal Darabont", "age"=>62, "movie_id"=>8, "created_at"=>"2023-03-29T06:47:10.545Z", "updated_at"=>"2023-03-29T06:47:10.545Z"}], "movie"=>{"id"=>"4", "name"=>"The Shawshank Redemption", "description"=>"Two imprisoned men bond over a number of years, finding solace and eventual redemption through acts of common decency.", "year"=>1994, "created_at"=>"2023-03-29T06:47:10.517Z", "updated_at"=>"2023-03-29T06:47:10.517Z"}}
  [1m[36mMovie Load (0.1ms)[0m  [1m[34mSELECT "movies".* FROM "movies" WHERE "movies"."id" = ? LIMIT ?[0m  [["id", 4], ["LIMIT", 1]]
  ↳ app/controllers/movies_controller.rb:41:in `destroy'
  [1m[36mTRANSACTION (0.0ms)[0m  [1m[36mbegin transaction[0m
  ↳ app/controllers/movies_controller.rb:42:in `destroy'
  [1m[36mMovie Destroy (0.1ms)[0m  [1m[31mDELETE FROM "movies" WHERE "movies"."id" = ?[0m  [["id", 4]]
  ↳ app/controllers/movies_controller.rb:42:in `destroy'
  [1m[36mTRANSACTION (6.9ms)[0m  [1m[36mcommit transaction[0m
  ↳ app/controllers/movies_controller.rb:42:in `destroy'
Completed 200 OK in 9ms (Views: 0.2ms | ActiveRecord: 7.1ms | Allocations: 1791)


Started DELETE "/movies/5" for 127.0.0.1 at 2023-03-29 10:25:25 +0300
Processing by MoviesController#destroy as */*
  Parameters: {"id"=>"5", "name"=>"The Shawshank Redemption", "description"=>"Two imprisoned men bond over a number of years, finding solace and eventual redemption through acts of common decency.", "year"=>1994, "created_at"=>"2023-03-29T06:47:10.517Z", "updated_at"=>"2023-03-29T06:47:10.517Z", "actors"=>[{"id"=>1, "name"=>"Tim Robbins", "age"=>62, "movie_id"=>8, "created_at"=>"2023-03-29T06:47:10.532Z", "updated_at"=>"2023-03-29T06:47:10.532Z"}, {"id"=>2, "name"=>"Morgan Freeman", "age"=>84, "movie_id"=>8, "created_at"=>"2023-03-29T06:47:10.537Z", "updated_at"=>"2023-03-29T06:47:10.537Z"}], "directors"=>[{"id"=>1, "name"=>"Frank faisal Darabont", "age"=>62, "movie_id"=>8, "created_at"=>"2023-03-29T06:47:10.545Z", "updated_at"=>"2023-03-29T06:47:10.545Z"}], "movie"=>{"id"=>"5", "name"=>"The Shawshank Redemption", "description"=>"Two imprisoned men bond over a number of years, finding solace and eventual redemption through acts of common decency.", "year"=>1994, "created_at"=>"2023-03-29T06:47:10.517Z", "updated_at"=>"2023-03-29T06:47:10.517Z"}}
  [1m[36mMovie Load (0.1ms)[0m  [1m[34mSELECT "movies".* FROM "movies" WHERE "movies"."id" = ? LIMIT ?[0m  [["id", 5], ["LIMIT", 1]]
  ↳ app/controllers/movies_controller.rb:41:in `destroy'
  [1m[36mTRANSACTION (0.0ms)[0m  [1m[36mbegin transaction[0m
  ↳ app/controllers/movies_controller.rb:42:in `destroy'
  [1m[36mMovie Destroy (0.2ms)[0m  [1m[31mDELETE FROM "movies" WHERE "movies"."id" = ?[0m  [["id", 5]]
  ↳ app/controllers/movies_controller.rb:42:in `destroy'
  [1m[36mTRANSACTION (2.1ms)[0m  [1m[36mcommit transaction[0m
  ↳ app/controllers/movies_controller.rb:42:in `destroy'
Completed 200 OK in 5ms (Views: 0.2ms | ActiveRecord: 2.4ms | Allocations: 1789)


Started DELETE "/movies/6" for 127.0.0.1 at 2023-03-29 10:25:30 +0300
Processing by MoviesController#destroy as */*
  Parameters: {"id"=>"6", "name"=>"The Shawshank Redemption", "description"=>"Two imprisoned men bond over a number of years, finding solace and eventual redemption through acts of common decency.", "year"=>1994, "created_at"=>"2023-03-29T06:47:10.517Z", "updated_at"=>"2023-03-29T06:47:10.517Z", "actors"=>[{"id"=>1, "name"=>"Tim Robbins", "age"=>62, "movie_id"=>8, "created_at"=>"2023-03-29T06:47:10.532Z", "updated_at"=>"2023-03-29T06:47:10.532Z"}, {"id"=>2, "name"=>"Morgan Freeman", "age"=>84, "movie_id"=>8, "created_at"=>"2023-03-29T06:47:10.537Z", "updated_at"=>"2023-03-29T06:47:10.537Z"}], "directors"=>[{"id"=>1, "name"=>"Frank faisal Darabont", "age"=>62, "movie_id"=>8, "created_at"=>"2023-03-29T06:47:10.545Z", "updated_at"=>"2023-03-29T06:47:10.545Z"}], "movie"=>{"id"=>"6", "name"=>"The Shawshank Redemption", "description"=>"Two imprisoned men bond over a number of years, finding solace and eventual redemption through acts of common decency.", "year"=>1994, "created_at"=>"2023-03-29T06:47:10.517Z", "updated_at"=>"2023-03-29T06:47:10.517Z"}}
  [1m[36mMovie Load (0.1ms)[0m  [1m[34mSELECT "movies".* FROM "movies" WHERE "movies"."id" = ? LIMIT ?[0m  [["id", 6], ["LIMIT", 1]]
  ↳ app/controllers/movies_controller.rb:41:in `destroy'
  [1m[36mTRANSACTION (0.0ms)[0m  [1m[36mbegin transaction[0m
  ↳ app/controllers/movies_controller.rb:42:in `destroy'
  [1m[36mMovie Destroy (0.2ms)[0m  [1m[31mDELETE FROM "movies" WHERE "movies"."id" = ?[0m  [["id", 6]]
  ↳ app/controllers/movies_controller.rb:42:in `destroy'
  [1m[36mTRANSACTION (2.2ms)[0m  [1m[36mcommit transaction[0m
  ↳ app/controllers/movies_controller.rb:42:in `destroy'
Completed 200 OK in 5ms (Views: 0.1ms | ActiveRecord: 2.5ms | Allocations: 1789)


Started DELETE "/movies/7" for 127.0.0.1 at 2023-03-29 10:25:37 +0300
Processing by MoviesController#destroy as */*
  Parameters: {"id"=>"7", "name"=>"The Shawshank Redemption", "description"=>"Two imprisoned men bond over a number of years, finding solace and eventual redemption through acts of common decency.", "year"=>1994, "created_at"=>"2023-03-29T06:47:10.517Z", "updated_at"=>"2023-03-29T06:47:10.517Z", "actors"=>[{"id"=>1, "name"=>"Tim Robbins", "age"=>62, "movie_id"=>8, "created_at"=>"2023-03-29T06:47:10.532Z", "updated_at"=>"2023-03-29T06:47:10.532Z"}, {"id"=>2, "name"=>"Morgan Freeman", "age"=>84, "movie_id"=>8, "created_at"=>"2023-03-29T06:47:10.537Z", "updated_at"=>"2023-03-29T06:47:10.537Z"}], "directors"=>[{"id"=>1, "name"=>"Frank faisal Darabont", "age"=>62, "movie_id"=>8, "created_at"=>"2023-03-29T06:47:10.545Z", "updated_at"=>"2023-03-29T06:47:10.545Z"}], "movie"=>{"id"=>"7", "name"=>"The Shawshank Redemption", "description"=>"Two imprisoned men bond over a number of years, finding solace and eventual redemption through acts of common decency.", "year"=>1994, "created_at"=>"2023-03-29T06:47:10.517Z", "updated_at"=>"2023-03-29T06:47:10.517Z"}}
  [1m[36mMovie Load (0.1ms)[0m  [1m[34mSELECT "movies".* FROM "movies" WHERE "movies"."id" = ? LIMIT ?[0m  [["id", 7], ["LIMIT", 1]]
  ↳ app/controllers/movies_controller.rb:41:in `destroy'
  [1m[36mTRANSACTION (0.0ms)[0m  [1m[36mbegin transaction[0m
  ↳ app/controllers/movies_controller.rb:42:in `destroy'
  [1m[36mMovie Destroy (0.2ms)[0m  [1m[31mDELETE FROM "movies" WHERE "movies"."id" = ?[0m  [["id", 7]]
  ↳ app/controllers/movies_controller.rb:42:in `destroy'
  [1m[36mTRANSACTION (6.8ms)[0m  [1m[36mcommit transaction[0m
  ↳ app/controllers/movies_controller.rb:42:in `destroy'
Completed 200 OK in 10ms (Views: 0.2ms | ActiveRecord: 7.1ms | Allocations: 1789)


Started GET "/movies" for 127.0.0.1 at 2023-03-29 10:25:55 +0300
Processing by MoviesController#index as */*
  Parameters: {"id"=>8, "name"=>"The Shawshank Redemption", "description"=>"Two imprisoned men bond over a number of years, finding solace and eventual redemption through acts of common decency.", "year"=>1994, "created_at"=>"2023-03-29T06:47:10.517Z", "updated_at"=>"2023-03-29T06:47:10.517Z", "actors"=>[{"id"=>1, "name"=>"Tim Robbins", "age"=>62, "movie_id"=>8, "created_at"=>"2023-03-29T06:47:10.532Z", "updated_at"=>"2023-03-29T06:47:10.532Z"}, {"id"=>2, "name"=>"Morgan Freeman", "age"=>84, "movie_id"=>8, "created_at"=>"2023-03-29T06:47:10.537Z", "updated_at"=>"2023-03-29T06:47:10.537Z"}], "directors"=>[{"id"=>1, "name"=>"Frank faisal Darabont", "age"=>62, "movie_id"=>8, "created_at"=>"2023-03-29T06:47:10.545Z", "updated_at"=>"2023-03-29T06:47:10.545Z"}], "movie"=>{"id"=>8, "name"=>"The Shawshank Redemption", "description"=>"Two imprisoned men bond over a number of years, finding solace and eventual redemption through acts of common decency.", "year"=>1994, "created_at"=>"2023-03-29T06:47:10.517Z", "updated_at"=>"2023-03-29T06:47:10.517Z"}}
  [1m[36mMovie Load (0.1ms)[0m  [1m[34mSELECT "movies".* FROM "movies"[0m
  ↳ app/controllers/movies_controller.rb:5:in `index'
  [1m[36mActor Load (0.1ms)[0m  [1m[34mSELECT "actors".* FROM "actors" WHERE "actors"."movie_id" IN (?, ?)[0m  [["movie_id", 8], ["movie_id", 9]]
  ↳ app/controllers/movies_controller.rb:5:in `index'
  [1m[36mDirector Load (0.1ms)[0m  [1m[34mSELECT "directors".* FROM "directors" WHERE "directors"."movie_id" IN (?, ?)[0m  [["movie_id", 8], ["movie_id", 9]]
  ↳ app/controllers/movies_controller.rb:5:in `index'
Completed 200 OK in 4ms (Views: 0.1ms | ActiveRecord: 0.3ms | Allocations: 3166)


Started GET "/actors" for 127.0.0.1 at 2023-03-29 10:26:09 +0300
Processing by ActorsController#index as */*
  Parameters: {"id"=>8, "name"=>"The Shawshank Redemption", "description"=>"Two imprisoned men bond over a number of years, finding solace and eventual redemption through acts of common decency.", "year"=>1994, "created_at"=>"2023-03-29T06:47:10.517Z", "updated_at"=>"2023-03-29T06:47:10.517Z", "actors"=>[{"id"=>1, "name"=>"Tim Robbins", "age"=>62, "movie_id"=>8, "created_at"=>"2023-03-29T06:47:10.532Z", "updated_at"=>"2023-03-29T06:47:10.532Z"}, {"id"=>2, "name"=>"Morgan Freeman", "age"=>84, "movie_id"=>8, "created_at"=>"2023-03-29T06:47:10.537Z", "updated_at"=>"2023-03-29T06:47:10.537Z"}], "directors"=>[{"id"=>1, "name"=>"Frank faisal Darabont", "age"=>62, "movie_id"=>8, "created_at"=>"2023-03-29T06:47:10.545Z", "updated_at"=>"2023-03-29T06:47:10.545Z"}], "actor"=>{"id"=>8, "name"=>"The Shawshank Redemption", "created_at"=>"2023-03-29T06:47:10.517Z", "updated_at"=>"2023-03-29T06:47:10.517Z"}}
  [1m[36mActor Load (0.2ms)[0m  [1m[34mSELECT "actors".* FROM "actors"[0m
  ↳ app/controllers/actors_controller.rb:5:in `index'
Completed 200 OK in 2ms (Views: 1.3ms | ActiveRecord: 0.2ms | Allocations: 1073)


Started GET "/movies" for 127.0.0.1 at 2023-03-29 10:28:04 +0300
Processing by MoviesController#index as */*
  Parameters: {"id"=>8, "name"=>"The Shawshank Redemption", "description"=>"Two imprisoned men bond over a number of years, finding solace and eventual redemption through acts of common decency.", "year"=>1994, "created_at"=>"2023-03-29T06:47:10.517Z", "updated_at"=>"2023-03-29T06:47:10.517Z", "actors"=>[{"id"=>1, "name"=>"Tim Robbins", "age"=>62, "movie_id"=>8, "created_at"=>"2023-03-29T06:47:10.532Z", "updated_at"=>"2023-03-29T06:47:10.532Z"}, {"id"=>2, "name"=>"Morgan Freeman", "age"=>84, "movie_id"=>8, "created_at"=>"2023-03-29T06:47:10.537Z", "updated_at"=>"2023-03-29T06:47:10.537Z"}], "directors"=>[{"id"=>1, "name"=>"Frank faisal Darabont", "age"=>62, "movie_id"=>8, "created_at"=>"2023-03-29T06:47:10.545Z", "updated_at"=>"2023-03-29T06:47:10.545Z"}], "movie"=>{"id"=>8, "name"=>"The Shawshank Redemption", "description"=>"Two imprisoned men bond over a number of years, finding solace and eventual redemption through acts of common decency.", "year"=>1994, "created_at"=>"2023-03-29T06:47:10.517Z", "updated_at"=>"2023-03-29T06:47:10.517Z"}}
  [1m[36mMovie Load (0.1ms)[0m  [1m[34mSELECT "movies".* FROM "movies"[0m
  ↳ app/controllers/movies_controller.rb:5:in `index'
  [1m[36mActor Load (0.2ms)[0m  [1m[34mSELECT "actors".* FROM "actors" WHERE "actors"."movie_id" IN (?, ?)[0m  [["movie_id", 8], ["movie_id", 9]]
  ↳ app/controllers/movies_controller.rb:5:in `index'
  [1m[36mDirector Load (0.1ms)[0m  [1m[34mSELECT "directors".* FROM "directors" WHERE "directors"."movie_id" IN (?, ?)[0m  [["movie_id", 8], ["movie_id", 9]]
  ↳ app/controllers/movies_controller.rb:5:in `index'
Completed 200 OK in 6ms (Views: 0.1ms | ActiveRecord: 0.4ms | Allocations: 3167)


Started GET "/directors" for 127.0.0.1 at 2023-03-29 10:30:55 +0300
Processing by DirectorsController#index as */*
  Parameters: {"id"=>8, "name"=>"The Shawshank Redemption", "description"=>"Two imprisoned men bond over a number of years, finding solace and eventual redemption through acts of common decency.", "year"=>1994, "created_at"=>"2023-03-29T06:47:10.517Z", "updated_at"=>"2023-03-29T06:47:10.517Z", "actors"=>[{"id"=>1, "name"=>"Tim Robbins", "age"=>62, "movie_id"=>8, "created_at"=>"2023-03-29T06:47:10.532Z", "updated_at"=>"2023-03-29T06:47:10.532Z"}, {"id"=>2, "name"=>"Morgan Freeman", "age"=>84, "movie_id"=>8, "created_at"=>"2023-03-29T06:47:10.537Z", "updated_at"=>"2023-03-29T06:47:10.537Z"}], "directors"=>[{"id"=>1, "name"=>"Frank faisal Darabont", "age"=>62, "movie_id"=>8, "created_at"=>"2023-03-29T06:47:10.545Z", "updated_at"=>"2023-03-29T06:47:10.545Z"}], "director"=>{"id"=>8, "name"=>"The Shawshank Redemption", "created_at"=>"2023-03-29T06:47:10.517Z", "updated_at"=>"2023-03-29T06:47:10.517Z"}}
  [1m[36mDirector Load (0.1ms)[0m  [1m[34mSELECT "directors".* FROM "directors"[0m
  ↳ app/controllers/directors_controller.rb:5:in `index'
Completed 200 OK in 1ms (Views: 1.0ms | ActiveRecord: 0.1ms | Allocations: 860)


Started GET "/directors" for 127.0.0.1 at 2023-03-29 12:00:52 +0300
  [1m[36mActiveRecord::SchemaMigration Pluck (0.1ms)[0m  [1m[34mSELECT "schema_migrations"."version" FROM "schema_migrations" ORDER BY "schema_migrations"."version" ASC[0m
Processing by DirectorsController#index as */*
  Parameters: {"id"=>8, "name"=>"The Shawshank Redemption", "description"=>"Two imprisoned men bond over a number of years, finding solace and eventual redemption through acts of common decency.", "year"=>1994, "created_at"=>"2023-03-29T06:47:10.517Z", "updated_at"=>"2023-03-29T06:47:10.517Z", "actors"=>[{"id"=>1, "name"=>"Tim Robbins", "age"=>62, "movie_id"=>8, "created_at"=>"2023-03-29T06:47:10.532Z", "updated_at"=>"2023-03-29T06:47:10.532Z"}, {"id"=>2, "name"=>"Morgan Freeman", "age"=>84, "movie_id"=>8, "created_at"=>"2023-03-29T06:47:10.537Z", "updated_at"=>"2023-03-29T06:47:10.537Z"}], "directors"=>[{"id"=>1, "name"=>"Frank faisal Darabont", "age"=>62, "movie_id"=>8, "created_at"=>"2023-03-29T06:47:10.545Z", "updated_at"=>"2023-03-29T06:47:10.545Z"}], "director"=>{"id"=>8, "name"=>"The Shawshank Redemption", "created_at"=>"2023-03-29T06:47:10.517Z", "updated_at"=>"2023-03-29T06:47:10.517Z"}}
  [1m[36mDirector Load (0.2ms)[0m  [1m[34mSELECT "directors".* FROM "directors"[0m
  ↳ app/controllers/directors_controller.rb:5:in `index'
Completed 200 OK in 34ms (Views: 15.2ms | ActiveRecord: 0.7ms | Allocations: 36763)


