  [1m[35m (9.3ms)[0m  [1m[35mCREATE TABLE "schema_migrations" ("version" varchar NOT NULL PRIMARY KEY)[0m
  [1m[35m (3.5ms)[0m  [1m[35mCREATE TABLE "ar_internal_metadata" ("key" varchar NOT NULL PRIMARY KEY, "value" varchar, "created_at" datetime(6) NOT NULL, "updated_at" datetime(6) NOT NULL)[0m
  [1m[36mActiveRecord::SchemaMigration Pluck (0.1ms)[0m  [1m[34mSELECT "schema_migrations"."version" FROM "schema_migrations" ORDER BY "schema_migrations"."version" ASC[0m
Migrating to CreateMovies (20230330122851)
  [1m[36mTRANSACTION (0.0ms)[0m  [1m[36mbegin transaction[0m
  [1m[35m (0.1ms)[0m  [1m[35mCREATE TABLE "movies" ("id" integer PRIMARY KEY AUTOINCREMENT NOT NULL, "name" varchar, "description" text, "image" varchar, "user_id" integer NOT NULL, "created_at" datetime(6) NOT NULL, "updated_at" datetime(6) NOT NULL, CONSTRAINT "fk_rails_2c7f519372"
FOREIGN KEY ("user_id")
  REFERENCES "users" ("id")
)[0m
  [1m[35m (0.1ms)[0m  [1m[35mCREATE INDEX "index_movies_on_user_id" ON "movies" ("user_id")[0m
  [1m[36mActiveRecord::SchemaMigration Create (0.1ms)[0m  [1m[32mINSERT INTO "schema_migrations" ("version") VALUES (?)[0m  [["version", "20230330122851"]]
  [1m[36mTRANSACTION (2.5ms)[0m  [1m[36mcommit transaction[0m
Migrating to CreateActors (20230330123039)
  [1m[36mTRANSACTION (0.0ms)[0m  [1m[36mbegin transaction[0m
  [1m[35m (0.2ms)[0m  [1m[35mCREATE TABLE "actors" ("id" integer PRIMARY KEY AUTOINCREMENT NOT NULL, "name" varchar, "age" varchar, "movie_id" integer NOT NULL, "created_at" datetime(6) NOT NULL, "updated_at" datetime(6) NOT NULL, CONSTRAINT "fk_rails_1d67425e2a"
FOREIGN KEY ("movie_id")
  REFERENCES "movies" ("id")
)[0m
  [1m[35m (0.1ms)[0m  [1m[35mCREATE INDEX "index_actors_on_movie_id" ON "actors" ("movie_id")[0m
  [1m[36mActiveRecord::SchemaMigration Create (0.1ms)[0m  [1m[32mINSERT INTO "schema_migrations" ("version") VALUES (?)[0m  [["version", "20230330123039"]]
  [1m[36mTRANSACTION (2.3ms)[0m  [1m[36mcommit transaction[0m
Migrating to CreateDiractors (20230330123101)
  [1m[36mTRANSACTION (0.0ms)[0m  [1m[36mbegin transaction[0m
  [1m[35m (0.1ms)[0m  [1m[35mCREATE TABLE "diractors" ("id" integer PRIMARY KEY AUTOINCREMENT NOT NULL, "name" varchar, "age" varchar, "movie_id" integer NOT NULL, "created_at" datetime(6) NOT NULL, "updated_at" datetime(6) NOT NULL, CONSTRAINT "fk_rails_9176c6e64f"
FOREIGN KEY ("movie_id")
  REFERENCES "movies" ("id")
)[0m
  [1m[35m (0.1ms)[0m  [1m[35mCREATE INDEX "index_diractors_on_movie_id" ON "diractors" ("movie_id")[0m
  [1m[36mActiveRecord::SchemaMigration Create (0.1ms)[0m  [1m[32mINSERT INTO "schema_migrations" ("version") VALUES (?)[0m  [["version", "20230330123101"]]
  [1m[36mTRANSACTION (2.3ms)[0m  [1m[36mcommit transaction[0m
Migrating to CreateReviews (20230330123234)
  [1m[36mTRANSACTION (0.0ms)[0m  [1m[36mbegin transaction[0m
  [1m[35m (0.1ms)[0m  [1m[35mCREATE TABLE "reviews" ("id" integer PRIMARY KEY AUTOINCREMENT NOT NULL, "title" varchar, "comment" text, "movie_id" integer NOT NULL, "created_at" datetime(6) NOT NULL, "updated_at" datetime(6) NOT NULL, CONSTRAINT "fk_rails_6ad75a4852"
FOREIGN KEY ("movie_id")
  REFERENCES "movies" ("id")
)[0m
  [1m[35m (0.1ms)[0m  [1m[35mCREATE INDEX "index_reviews_on_movie_id" ON "reviews" ("movie_id")[0m
  [1m[36mActiveRecord::SchemaMigration Create (0.1ms)[0m  [1m[32mINSERT INTO "schema_migrations" ("version") VALUES (?)[0m  [["version", "20230330123234"]]
  [1m[36mTRANSACTION (2.4ms)[0m  [1m[36mcommit transaction[0m
Migrating to CreateUsers (20230330123351)
  [1m[36mTRANSACTION (0.0ms)[0m  [1m[36mbegin transaction[0m
  [1m[35m (0.1ms)[0m  [1m[35mCREATE TABLE "users" ("id" integer PRIMARY KEY AUTOINCREMENT NOT NULL, "username" varchar, "email" varchar, "password_digest" varchar, "created_at" datetime(6) NOT NULL, "updated_at" datetime(6) NOT NULL)[0m
  [1m[36mActiveRecord::SchemaMigration Create (0.1ms)[0m  [1m[32mINSERT INTO "schema_migrations" ("version") VALUES (?)[0m  [["version", "20230330123351"]]
  [1m[36mTRANSACTION (2.5ms)[0m  [1m[36mcommit transaction[0m
  [1m[36mActiveRecord::InternalMetadata Load (0.1ms)[0m  [1m[34mSELECT "ar_internal_metadata".* FROM "ar_internal_metadata" WHERE "ar_internal_metadata"."key" = ? LIMIT ?[0m  [["key", "environment"], ["LIMIT", 1]]
  [1m[36mTRANSACTION (0.0ms)[0m  [1m[36mbegin transaction[0m
  [1m[36mActiveRecord::InternalMetadata Create (0.1ms)[0m  [1m[32mINSERT INTO "ar_internal_metadata" ("key", "value", "created_at", "updated_at") VALUES (?, ?, ?, ?)[0m  [["key", "environment"], ["value", "development"], ["created_at", "2023-03-30 12:39:16.804163"], ["updated_at", "2023-03-30 12:39:16.804163"]]
  [1m[36mTRANSACTION (2.8ms)[0m  [1m[36mcommit transaction[0m
  [1m[36mActiveRecord::SchemaMigration Pluck (0.1ms)[0m  [1m[34mSELECT "schema_migrations"."version" FROM "schema_migrations" ORDER BY "schema_migrations"."version" ASC[0m
Started GET "/users" for 127.0.0.1 at 2023-03-30 16:58:13 +0300
  [1m[36mActiveRecord::SchemaMigration Pluck (0.1ms)[0m  [1m[34mSELECT "schema_migrations"."version" FROM "schema_migrations" ORDER BY "schema_migrations"."version" ASC[0m
Processing by UsersController#index as */*
  [1m[36mUser Load (0.1ms)[0m  [1m[34mSELECT "users".* FROM "users"[0m
  ↳ app/controllers/users_controller.rb:6:in `index'
Completed 200 OK in 12ms (Views: 0.8ms | ActiveRecord: 0.1ms | Allocations: 22738)


Started POST "/movies" for 127.0.0.1 at 2023-03-31 10:45:13 +0300
  [1m[36mActiveRecord::SchemaMigration Pluck (0.1ms)[0m  [1m[34mSELECT "schema_migrations"."version" FROM "schema_migrations" ORDER BY "schema_migrations"."version" ASC[0m
Processing by MoviesController#create as */*
  Parameters: {"username"=>"cabdiraxman", "email"=>"cabdi@gmail.com", "password"=>"[FILTERED]", "movie"=>{}}
[31mUnpermitted parameters: :username, :email, :password, :movie. Context: { controller: MoviesController, action: create, request: #<ActionDispatch::Request:0x00007f5484b8b2c8>, params: {"username"=>"cabdiraxman", "email"=>"cabdi@gmail.com", "password"=>"[FILTERED]", "controller"=>"movies", "action"=>"create", "movie"=>{}} }[0m
Completed 422 Unprocessable Entity in 20ms (Views: 5.0ms | ActiveRecord: 0.4ms | Allocations: 42491)


Started POST "/users" for 127.0.0.1 at 2023-03-31 10:45:26 +0300
Processing by UsersController#create as */*
  Parameters: {"username"=>"cabdiraxman", "email"=>"cabdi@gmail.com", "password"=>"[FILTERED]", "user"=>{"username"=>"cabdiraxman", "email"=>"cabdi@gmail.com"}}
[31mUnpermitted parameter: :user. Context: { controller: UsersController, action: create, request: #<ActionDispatch::Request:0x00007f547c012a70>, params: {"username"=>"cabdiraxman", "email"=>"cabdi@gmail.com", "password"=>"[FILTERED]", "controller"=>"users", "action"=>"create", "user"=>{"username"=>"cabdiraxman", "email"=>"cabdi@gmail.com"}} }[0m
Completed 500 Internal Server Error in 5ms (ActiveRecord: 0.3ms | Allocations: 14386)


  
ActiveModel::UnknownAttributeError (unknown attribute 'password' for User.):
  
app/controllers/users_controller.rb:14:in `create'
Started POST "/users" for 127.0.0.1 at 2023-03-31 10:46:25 +0300
Processing by UsersController#create as */*
  Parameters: {"username"=>"cabdiraxman", "email"=>"cabdi@gmail.com", "password_digest"=>"[FILTERED]", "user"=>{"username"=>"cabdiraxman", "email"=>"cabdi@gmail.com", "password_digest"=>"[FILTERED]"}}
[31mUnpermitted parameters: :password_digest, :user. Context: { controller: UsersController, action: create, request: #<ActionDispatch::Request:0x00007f547c06dc90>, params: {"username"=>"cabdiraxman", "email"=>"cabdi@gmail.com", "password_digest"=>"[FILTERED]", "controller"=>"users", "action"=>"create", "user"=>{"username"=>"cabdiraxman", "email"=>"cabdi@gmail.com", "password_digest"=>"[FILTERED]"}} }[0m
  [1m[36mTRANSACTION (0.1ms)[0m  [1m[36mbegin transaction[0m
  ↳ app/controllers/users_controller.rb:16:in `create'
  [1m[36mUser Create (5.3ms)[0m  [1m[32mINSERT INTO "users" ("username", "email", "password_digest", "created_at", "updated_at") VALUES (?, ?, ?, ?, ?)[0m  [["username", "cabdiraxman"], ["email", "cabdi@gmail.com"], ["password_digest", "[FILTERED]"], ["created_at", "2023-03-31 07:46:25.552484"], ["updated_at", "2023-03-31 07:46:25.552484"]]
  ↳ app/controllers/users_controller.rb:16:in `create'
  [1m[36mTRANSACTION (2.0ms)[0m  [1m[36mcommit transaction[0m
  ↳ app/controllers/users_controller.rb:16:in `create'
Completed 201 Created in 11ms (Views: 0.3ms | ActiveRecord: 7.4ms | Allocations: 2149)


Started POST "/movies" for 127.0.0.1 at 2023-03-31 10:46:53 +0300
Processing by MoviesController#create as */*
  Parameters: {"username"=>"cabdiraxman", "email"=>"cabdi@gmail.com", "password_digest"=>"[FILTERED]", "movie"=>{}}
[31mUnpermitted parameters: :username, :email, :password_digest, :movie. Context: { controller: MoviesController, action: create, request: #<ActionDispatch::Request:0x00007f5494efff48>, params: {"username"=>"cabdiraxman", "email"=>"cabdi@gmail.com", "password_digest"=>"[FILTERED]", "controller"=>"movies", "action"=>"create", "movie"=>{}} }[0m
Completed 422 Unprocessable Entity in 1ms (Views: 0.6ms | ActiveRecord: 0.0ms | Allocations: 672)


Started POST "/actors" for 127.0.0.1 at 2023-03-31 10:47:06 +0300
  
ActionController::RoutingError (No route matches [POST] "/actors"):
  
Started POST "/movies/actores" for 127.0.0.1 at 2023-03-31 10:47:18 +0300
  
ActionController::RoutingError (No route matches [POST] "/movies/actores"):
  
Started GET "/movies/actores" for 127.0.0.1 at 2023-03-31 10:47:30 +0300
Processing by MoviesController#show as */*
  Parameters: {"username"=>"cabdiraxman", "email"=>"cabdi@gmail.com", "password_digest"=>"[FILTERED]", "id"=>"actores", "movie"=>{}}
  [1m[36mMovie Load (0.2ms)[0m  [1m[34mSELECT "movies".* FROM "movies" WHERE "movies"."id" = ? LIMIT ?[0m  [["id", nil], ["LIMIT", 1]]
  ↳ app/controllers/movies_controller.rb:38:in `set_movie'
Completed 404 Not Found in 2ms (ActiveRecord: 0.2ms | Allocations: 1148)


  
ActiveRecord::RecordNotFound (Couldn't find Movie with 'id'=actores):
  
app/controllers/movies_controller.rb:38:in `set_movie'
Started GET "/movies/2/actores" for 127.0.0.1 at 2023-03-31 10:47:48 +0300
  
ActionController::RoutingError (No route matches [GET] "/movies/2/actores"):
  
Started GET "/actors" for 127.0.0.1 at 2023-03-31 10:48:33 +0300
  
ActionController::RoutingError (No route matches [GET] "/actors"):
  
Started GET "/movises" for 127.0.0.1 at 2023-03-31 10:50:40 +0300
  
ActionController::RoutingError (No route matches [GET] "/movises"):
  
Started GET "/moviies" for 127.0.0.1 at 2023-03-31 10:50:46 +0300
  
ActionController::RoutingError (No route matches [GET] "/moviies"):
  
Started GET "/movies" for 127.0.0.1 at 2023-03-31 10:50:52 +0300
Processing by MoviesController#index as */*
  Parameters: {"username"=>"cabdiraxman", "email"=>"cabdi@gmail.com", "password_digest"=>"[FILTERED]", "movie"=>{}}
  [1m[36mMovie Load (0.1ms)[0m  [1m[34mSELECT "movies".* FROM "movies"[0m
  ↳ app/controllers/movies_controller.rb:6:in `index'
Completed 200 OK in 1ms (Views: 0.8ms | ActiveRecord: 0.1ms | Allocations: 655)


Started GET "/movies/1" for 127.0.0.1 at 2023-03-31 10:51:07 +0300
Processing by MoviesController#show as */*
  Parameters: {"username"=>"cabdiraxman", "email"=>"cabdi@gmail.com", "password_digest"=>"[FILTERED]", "id"=>"1", "movie"=>{}}
  [1m[36mMovie Load (0.1ms)[0m  [1m[34mSELECT "movies".* FROM "movies" WHERE "movies"."id" = ? LIMIT ?[0m  [["id", 1], ["LIMIT", 1]]
  ↳ app/controllers/movies_controller.rb:38:in `set_movie'
Completed 404 Not Found in 1ms (ActiveRecord: 0.1ms | Allocations: 487)


  
ActiveRecord::RecordNotFound (Couldn't find Movie with 'id'=1):
  
app/controllers/movies_controller.rb:38:in `set_movie'
Started GET "/movies/1/actors" for 127.0.0.1 at 2023-03-31 10:52:06 +0300
Processing by ActorsController#index as */*
  Parameters: {"username"=>"cabdiraxman", "email"=>"cabdi@gmail.com", "password_digest"=>"[FILTERED]", "movie_id"=>"1", "actor"=>{}}
  [1m[36mMovie Load (0.1ms)[0m  [1m[34mSELECT "movies".* FROM "movies" WHERE "movies"."id" = ? LIMIT ?[0m  [["id", 1], ["LIMIT", 1]]
  ↳ app/controllers/actors_controller.rb:39:in `set_movie'
Completed 404 Not Found in 1ms (ActiveRecord: 0.2ms | Allocations: 511)


  
ActiveRecord::RecordNotFound (Couldn't find Movie with 'id'=1):
  
app/controllers/actors_controller.rb:39:in `set_movie'
Started GET "/movies/1/diractors" for 127.0.0.1 at 2023-03-31 10:52:25 +0300
Processing by DiractorsController#index as */*
  Parameters: {"username"=>"cabdiraxman", "email"=>"cabdi@gmail.com", "password_digest"=>"[FILTERED]", "movie_id"=>"1", "diractor"=>{}}
  [1m[36mMovie Load (0.1ms)[0m  [1m[34mSELECT "movies".* FROM "movies" WHERE "movies"."id" = ? LIMIT ?[0m  [["id", 1], ["LIMIT", 1]]
  ↳ app/controllers/diractors_controller.rb:39:in `set_movie'
Completed 404 Not Found in 1ms (ActiveRecord: 0.3ms | Allocations: 513)


  
ActiveRecord::RecordNotFound (Couldn't find Movie with 'id'=1):
  
app/controllers/diractors_controller.rb:39:in `set_movie'
Started POST "/movies" for 127.0.0.1 at 2023-03-31 10:52:47 +0300
Processing by MoviesController#create as */*
  Parameters: {"username"=>"cabdiraxman", "email"=>"cabdi@gmail.com", "password_digest"=>"[FILTERED]", "movie"=>{}}
[31mUnpermitted parameters: :username, :email, :password_digest, :movie. Context: { controller: MoviesController, action: create, request: #<ActionDispatch::Request:0x00007f548439bae0>, params: {"username"=>"cabdiraxman", "email"=>"cabdi@gmail.com", "password_digest"=>"[FILTERED]", "controller"=>"movies", "action"=>"create", "movie"=>{}} }[0m
Completed 422 Unprocessable Entity in 1ms (Views: 0.4ms | ActiveRecord: 0.0ms | Allocations: 664)


Started POST "/movies" for 127.0.0.1 at 2023-03-31 10:55:23 +0300
Processing by MoviesController#create as */*
  Parameters: {"name"=>"The Shawshank Redemption", "description"=>"Two imprisoned men bond over a number of years, finding solace and eventual redemption through acts of common decency.", "image"=>"https://www.example.com/shawshank-redemption.jpg", "user_id"=>1, "movie"=>{"name"=>"The Shawshank Redemption", "description"=>"Two imprisoned men bond over a number of years, finding solace and eventual redemption through acts of common decency.", "image"=>"https://www.example.com/shawshank-redemption.jpg", "user_id"=>1}}
[31mUnpermitted parameter: :movie. Context: { controller: MoviesController, action: create, request: #<ActionDispatch::Request:0x00007f54946d9be8>, params: {"name"=>"The Shawshank Redemption", "description"=>"Two imprisoned men bond over a number of years, finding solace and eventual redemption through acts of common decency.", "image"=>"https://www.example.com/shawshank-redemption.jpg", "user_id"=>1, "controller"=>"movies", "action"=>"create", "movie"=>{"name"=>"The Shawshank Redemption", "description"=>"Two imprisoned men bond over a number of years, finding solace and eventual redemption through acts of common decency.", "image"=>"https://www.example.com/shawshank-redemption.jpg", "user_id"=>1}} }[0m
  [1m[36mTRANSACTION (0.1ms)[0m  [1m[36mbegin transaction[0m
  ↳ app/controllers/movies_controller.rb:16:in `create'
  [1m[36mUser Load (0.2ms)[0m  [1m[34mSELECT "users".* FROM "users" WHERE "users"."id" = ? LIMIT ?[0m  [["id", 1], ["LIMIT", 1]]
  ↳ app/controllers/movies_controller.rb:16:in `create'
  [1m[36mMovie Create (0.2ms)[0m  [1m[32mINSERT INTO "movies" ("name", "description", "image", "user_id", "created_at", "updated_at") VALUES (?, ?, ?, ?, ?, ?)[0m  [["name", "The Shawshank Redemption"], ["description", "Two imprisoned men bond over a number of years, finding solace and eventual redemption through acts of common decency."], ["image", "https://www.example.com/shawshank-redemption.jpg"], ["user_id", 1], ["created_at", "2023-03-31 07:55:23.637402"], ["updated_at", "2023-03-31 07:55:23.637402"]]
  ↳ app/controllers/movies_controller.rb:16:in `create'
  [1m[36mTRANSACTION (7.5ms)[0m  [1m[36mcommit transaction[0m
  ↳ app/controllers/movies_controller.rb:16:in `create'
Completed 201 Created in 17ms (Views: 0.4ms | ActiveRecord: 7.9ms | Allocations: 5013)


Started GET "/movies" for 127.0.0.1 at 2023-03-31 10:59:58 +0300
Processing by MoviesController#index as */*
  Parameters: {"name"=>"The Shawshank Redemption", "description"=>"Two imprisoned men bond over a number of years, finding solace and eventual redemption through acts of common decency.", "image"=>"https://www.example.com/shawshank-redemption.jpg", "user_id"=>1, "movie"=>{"name"=>"The Shawshank Redemption", "description"=>"Two imprisoned men bond over a number of years, finding solace and eventual redemption through acts of common decency.", "image"=>"https://www.example.com/shawshank-redemption.jpg", "user_id"=>1}}
  [1m[36mMovie Load (0.1ms)[0m  [1m[34mSELECT "movies".* FROM "movies"[0m
  ↳ app/controllers/movies_controller.rb:6:in `index'
  [1m[36mActor Load (0.1ms)[0m  [1m[34mSELECT "actors".* FROM "actors" WHERE "actors"."movie_id" = ?[0m  [["movie_id", 1]]
  ↳ app/controllers/movies_controller.rb:6:in `index'
  [1m[36mDiractor Load (0.1ms)[0m  [1m[34mSELECT "diractors".* FROM "diractors" WHERE "diractors"."movie_id" = ?[0m  [["movie_id", 1]]
  ↳ app/controllers/movies_controller.rb:6:in `index'
  [1m[36mReview Load (0.2ms)[0m  [1m[34mSELECT "reviews".* FROM "reviews" WHERE "reviews"."movie_id" = ?[0m  [["movie_id", 1]]
  ↳ app/controllers/movies_controller.rb:6:in `index'
  [1m[36mUser Load (0.1ms)[0m  [1m[34mSELECT "users".* FROM "users" WHERE "users"."id" = ?[0m  [["id", 1]]
  ↳ app/controllers/movies_controller.rb:6:in `index'
Completed 200 OK in 26ms (Views: 24.3ms | ActiveRecord: 1.7ms | Allocations: 20809)


Started GET "/movies/1" for 127.0.0.1 at 2023-03-31 11:00:20 +0300
Processing by MoviesController#show as */*
  Parameters: {"name"=>"The Shawshank Redemption", "description"=>"Two imprisoned men bond over a number of years, finding solace and eventual redemption through acts of common decency.", "image"=>"https://www.example.com/shawshank-redemption.jpg", "user_id"=>1, "id"=>"1", "movie"=>{"name"=>"The Shawshank Redemption", "description"=>"Two imprisoned men bond over a number of years, finding solace and eventual redemption through acts of common decency.", "image"=>"https://www.example.com/shawshank-redemption.jpg", "user_id"=>1}}
  [1m[36mMovie Load (0.1ms)[0m  [1m[34mSELECT "movies".* FROM "movies" WHERE "movies"."id" = ? LIMIT ?[0m  [["id", 1], ["LIMIT", 1]]
  ↳ app/controllers/movies_controller.rb:38:in `set_movie'
  [1m[36mActor Load (0.0ms)[0m  [1m[34mSELECT "actors".* FROM "actors" WHERE "actors"."movie_id" = ?[0m  [["movie_id", 1]]
  ↳ app/controllers/movies_controller.rb:38:in `set_movie'
  [1m[36mDiractor Load (0.0ms)[0m  [1m[34mSELECT "diractors".* FROM "diractors" WHERE "diractors"."movie_id" = ?[0m  [["movie_id", 1]]
  ↳ app/controllers/movies_controller.rb:38:in `set_movie'
  [1m[36mReview Load (0.0ms)[0m  [1m[34mSELECT "reviews".* FROM "reviews" WHERE "reviews"."movie_id" = ?[0m  [["movie_id", 1]]
  ↳ app/controllers/movies_controller.rb:38:in `set_movie'
  [1m[36mUser Load (0.1ms)[0m  [1m[34mSELECT "users".* FROM "users" WHERE "users"."id" = ?[0m  [["id", 1]]
  ↳ app/controllers/movies_controller.rb:38:in `set_movie'
Completed 200 OK in 5ms (Views: 0.5ms | ActiveRecord: 0.3ms | Allocations: 3969)


Started GET "/movies/1/actors" for 127.0.0.1 at 2023-03-31 11:00:36 +0300
Processing by ActorsController#index as */*
  Parameters: {"name"=>"The Shawshank Redemption", "description"=>"Two imprisoned men bond over a number of years, finding solace and eventual redemption through acts of common decency.", "image"=>"https://www.example.com/shawshank-redemption.jpg", "user_id"=>1, "movie_id"=>"1", "actor"=>{"name"=>"The Shawshank Redemption"}}
  [1m[36mMovie Load (0.1ms)[0m  [1m[34mSELECT "movies".* FROM "movies" WHERE "movies"."id" = ? LIMIT ?[0m  [["id", 1], ["LIMIT", 1]]
  ↳ app/controllers/actors_controller.rb:39:in `set_movie'
  [1m[36mActor Load (0.1ms)[0m  [1m[34mSELECT "actors".* FROM "actors" WHERE "actors"."movie_id" = ?[0m  [["movie_id", 1]]
  ↳ app/controllers/actors_controller.rb:7:in `index'
Completed 200 OK in 3ms (Views: 1.1ms | ActiveRecord: 0.2ms | Allocations: 1437)


Started GET "/movies/1/users" for 127.0.0.1 at 2023-03-31 11:00:46 +0300
  
ActionController::RoutingError (No route matches [GET] "/movies/1/users"):
  
Started GET "/movies/1/diractors" for 127.0.0.1 at 2023-03-31 11:01:00 +0300
Processing by DiractorsController#index as */*
  Parameters: {"name"=>"The Shawshank Redemption", "description"=>"Two imprisoned men bond over a number of years, finding solace and eventual redemption through acts of common decency.", "image"=>"https://www.example.com/shawshank-redemption.jpg", "user_id"=>1, "movie_id"=>"1", "diractor"=>{"name"=>"The Shawshank Redemption"}}
  [1m[36mMovie Load (0.1ms)[0m  [1m[34mSELECT "movies".* FROM "movies" WHERE "movies"."id" = ? LIMIT ?[0m  [["id", 1], ["LIMIT", 1]]
  ↳ app/controllers/diractors_controller.rb:39:in `set_movie'
  [1m[36mDiractor Load (0.1ms)[0m  [1m[34mSELECT "diractors".* FROM "diractors" WHERE "diractors"."movie_id" = ?[0m  [["movie_id", 1]]
  ↳ app/controllers/diractors_controller.rb:7:in `index'
Completed 200 OK in 3ms (Views: 1.8ms | ActiveRecord: 0.2ms | Allocations: 1337)


Started GET "/movies/1/diractors" for 127.0.0.1 at 2023-03-31 11:01:02 +0300
Processing by DiractorsController#index as */*
  Parameters: {"name"=>"The Shawshank Redemption", "description"=>"Two imprisoned men bond over a number of years, finding solace and eventual redemption through acts of common decency.", "image"=>"https://www.example.com/shawshank-redemption.jpg", "user_id"=>1, "movie_id"=>"1", "diractor"=>{"name"=>"The Shawshank Redemption"}}
  [1m[36mMovie Load (0.1ms)[0m  [1m[34mSELECT "movies".* FROM "movies" WHERE "movies"."id" = ? LIMIT ?[0m  [["id", 1], ["LIMIT", 1]]
  ↳ app/controllers/diractors_controller.rb:39:in `set_movie'
  [1m[36mDiractor Load (0.1ms)[0m  [1m[34mSELECT "diractors".* FROM "diractors" WHERE "diractors"."movie_id" = ?[0m  [["movie_id", 1]]
  ↳ app/controllers/diractors_controller.rb:7:in `index'
Completed 200 OK in 3ms (Views: 1.2ms | ActiveRecord: 0.2ms | Allocations: 1140)


Started GET "/movies/1/reviews" for 127.0.0.1 at 2023-03-31 11:01:15 +0300
Processing by ReviewsController#index as */*
  Parameters: {"name"=>"The Shawshank Redemption", "description"=>"Two imprisoned men bond over a number of years, finding solace and eventual redemption through acts of common decency.", "image"=>"https://www.example.com/shawshank-redemption.jpg", "user_id"=>1, "movie_id"=>"1", "review"=>{}}
  [1m[36mMovie Load (0.2ms)[0m  [1m[34mSELECT "movies".* FROM "movies" WHERE "movies"."id" = ? LIMIT ?[0m  [["id", 1], ["LIMIT", 1]]
  ↳ app/controllers/reviews_controller.rb:39:in `set_movie'
  [1m[36mReview Load (0.9ms)[0m  [1m[34mSELECT "reviews".* FROM "reviews" WHERE "reviews"."movie_id" = ?[0m  [["movie_id", 1]]
  ↳ app/controllers/reviews_controller.rb:7:in `index'
Completed 200 OK in 5ms (Views: 1.8ms | ActiveRecord: 1.0ms | Allocations: 1337)


Started POST "/movies" for 127.0.0.1 at 2023-03-31 11:06:12 +0300
Processing by MoviesController#create as */*
  Parameters: {"name"=>"The Matrix", "description"=>"A computer hacker learns from mysterious rebels about the true nature of his reality and his role in the war against its controllers.", "image"=>"https://www.example.com/images/the-matrix.jpg", "user_id"=>1, "actors_attributes"=>[{"name"=>"Keanu Reeves", "age"=>"57"}, {"name"=>"Carrie-Anne Moss", "age"=>"54"}], "diractors_attributes"=>[{"name"=>"Lana Wachowski", "age"=>"56"}, {"name"=>"Lilly Wachowski", "age"=>"53"}], "reviews_attributes"=>[{"title"=>"A groundbreaking film", "comment"=>"The Matrix is a landmark achievement in filmmaking that blends thrilling action with deep philosophical themes."}, {"title"=>"A must-see for sci-fi fans", "comment"=>"The Matrix is one of the most influential and visually stunning science fiction movies ever made."}], "movie"=>{"name"=>"The Matrix", "description"=>"A computer hacker learns from mysterious rebels about the true nature of his reality and his role in the war against its controllers.", "image"=>"https://www.example.com/images/the-matrix.jpg", "user_id"=>1}}
[31mUnpermitted parameter: :movie. Context: { controller: MoviesController, action: create, request: #<ActionDispatch::Request:0x00007f5494b79180>, params: {"name"=>"The Matrix", "description"=>"A computer hacker learns from mysterious rebels about the true nature of his reality and his role in the war against its controllers.", "image"=>"https://www.example.com/images/the-matrix.jpg", "user_id"=>1, "actors_attributes"=>[{"name"=>"Keanu Reeves", "age"=>"57"}, {"name"=>"Carrie-Anne Moss", "age"=>"54"}], "diractors_attributes"=>[{"name"=>"Lana Wachowski", "age"=>"56"}, {"name"=>"Lilly Wachowski", "age"=>"53"}], "reviews_attributes"=>[{"title"=>"A groundbreaking film", "comment"=>"The Matrix is a landmark achievement in filmmaking that blends thrilling action with deep philosophical themes."}, {"title"=>"A must-see for sci-fi fans", "comment"=>"The Matrix is one of the most influential and visually stunning science fiction movies ever made."}], "controller"=>"movies", "action"=>"create", "movie"=>{"name"=>"The Matrix", "description"=>"A computer hacker learns from mysterious rebels about the true nature of his reality and his role in the war against its controllers.", "image"=>"https://www.example.com/images/the-matrix.jpg", "user_id"=>1}} }[0m
Completed 500 Internal Server Error in 4ms (ActiveRecord: 0.8ms | Allocations: 2349)


  
ActiveModel::UnknownAttributeError (unknown attribute 'actors_attributes' for Movie.):
  
app/controllers/movies_controller.rb:14:in `create'
Started POST "/movies" for 127.0.0.1 at 2023-03-31 11:08:47 +0300
  [1m[36mActiveRecord::SchemaMigration Pluck (0.1ms)[0m  [1m[34mSELECT "schema_migrations"."version" FROM "schema_migrations" ORDER BY "schema_migrations"."version" ASC[0m
Processing by MoviesController#create as */*
  Parameters: {"name"=>"The Matrix", "description"=>"A computer hacker learns from mysterious rebels about the true nature of his reality and his role in the war against its controllers.", "image"=>"https://www.example.com/images/the-matrix.jpg", "user_id"=>1, "actors_attributes"=>[{"name"=>"Keanu Reeves", "age"=>"57"}, {"name"=>"Carrie-Anne Moss", "age"=>"54"}], "diractors_attributes"=>[{"name"=>"Lana Wachowski", "age"=>"56"}, {"name"=>"Lilly Wachowski", "age"=>"53"}], "reviews_attributes"=>[{"title"=>"A groundbreaking film", "comment"=>"The Matrix is a landmark achievement in filmmaking that blends thrilling action with deep philosophical themes."}, {"title"=>"A must-see for sci-fi fans", "comment"=>"The Matrix is one of the most influential and visually stunning science fiction movies ever made."}], "movie"=>{"name"=>"The Matrix", "description"=>"A computer hacker learns from mysterious rebels about the true nature of his reality and his role in the war against its controllers.", "image"=>"https://www.example.com/images/the-matrix.jpg", "user_id"=>1}}
[31mUnpermitted parameter: :movie. Context: { controller: MoviesController, action: create, request: #<ActionDispatch::Request:0x00007f57d4be5ce8>, params: {"name"=>"The Matrix", "description"=>"A computer hacker learns from mysterious rebels about the true nature of his reality and his role in the war against its controllers.", "image"=>"https://www.example.com/images/the-matrix.jpg", "user_id"=>1, "actors_attributes"=>[{"name"=>"Keanu Reeves", "age"=>"57"}, {"name"=>"Carrie-Anne Moss", "age"=>"54"}], "diractors_attributes"=>[{"name"=>"Lana Wachowski", "age"=>"56"}, {"name"=>"Lilly Wachowski", "age"=>"53"}], "reviews_attributes"=>[{"title"=>"A groundbreaking film", "comment"=>"The Matrix is a landmark achievement in filmmaking that blends thrilling action with deep philosophical themes."}, {"title"=>"A must-see for sci-fi fans", "comment"=>"The Matrix is one of the most influential and visually stunning science fiction movies ever made."}], "controller"=>"movies", "action"=>"create", "movie"=>{"name"=>"The Matrix", "description"=>"A computer hacker learns from mysterious rebels about the true nature of his reality and his role in the war against its controllers.", "image"=>"https://www.example.com/images/the-matrix.jpg", "user_id"=>1}} }[0m
Completed 500 Internal Server Error in 19ms (ActiveRecord: 0.4ms | Allocations: 36475)


  
ActiveModel::UnknownAttributeError (unknown attribute 'actors_attributes' for Movie.):
  
app/controllers/movies_controller.rb:14:in `create'
Started POST "/movies" for 127.0.0.1 at 2023-03-31 11:09:28 +0300
Processing by MoviesController#create as */*
  Parameters: {"name"=>"The Matrix", "description"=>"A computer hacker learns from mysterious rebels about the true nature of his reality and his role in the war against its controllers.", "image"=>"https://www.example.com/images/the-matrix.jpg", "user_id"=>1, "actors_attributes"=>[{"name"=>"Keanu Reeves", "age"=>"57"}, {"name"=>"Carrie-Anne Moss", "age"=>"54"}], "diractors_attributes"=>[{"name"=>"Lana Wachowski", "age"=>"56"}, {"name"=>"Lilly Wachowski", "age"=>"53"}], "reviews_attributes"=>[{"title"=>"A groundbreaking film", "comment"=>"The Matrix is a landmark achievement in filmmaking that blends thrilling action with deep philosophical themes."}, {"title"=>"A must-see for sci-fi fans", "comment"=>"The Matrix is one of the most influential and visually stunning science fiction movies ever made."}], "movie"=>{"name"=>"The Matrix", "description"=>"A computer hacker learns from mysterious rebels about the true nature of his reality and his role in the war against its controllers.", "image"=>"https://www.example.com/images/the-matrix.jpg", "user_id"=>1}}
[31mUnpermitted parameters: :actors_attributes, :diractors_attributes, :reviews_attributes, :movie. Context: { controller: MoviesController, action: create, request: #<ActionDispatch::Request:0x00007f57d4a46248>, params: {"name"=>"The Matrix", "description"=>"A computer hacker learns from mysterious rebels about the true nature of his reality and his role in the war against its controllers.", "image"=>"https://www.example.com/images/the-matrix.jpg", "user_id"=>1, "actors_attributes"=>[{"name"=>"Keanu Reeves", "age"=>"57"}, {"name"=>"Carrie-Anne Moss", "age"=>"54"}], "diractors_attributes"=>[{"name"=>"Lana Wachowski", "age"=>"56"}, {"name"=>"Lilly Wachowski", "age"=>"53"}], "reviews_attributes"=>[{"title"=>"A groundbreaking film", "comment"=>"The Matrix is a landmark achievement in filmmaking that blends thrilling action with deep philosophical themes."}, {"title"=>"A must-see for sci-fi fans", "comment"=>"The Matrix is one of the most influential and visually stunning science fiction movies ever made."}], "controller"=>"movies", "action"=>"create", "movie"=>{"name"=>"The Matrix", "description"=>"A computer hacker learns from mysterious rebels about the true nature of his reality and his role in the war against its controllers.", "image"=>"https://www.example.com/images/the-matrix.jpg", "user_id"=>1}} }[0m
  [1m[36mTRANSACTION (0.0ms)[0m  [1m[36mbegin transaction[0m
  ↳ app/controllers/movies_controller.rb:16:in `create'
  [1m[36mUser Load (0.1ms)[0m  [1m[34mSELECT "users".* FROM "users" WHERE "users"."id" = ? LIMIT ?[0m  [["id", 1], ["LIMIT", 1]]
  ↳ app/controllers/movies_controller.rb:16:in `create'
  [1m[36mMovie Create (0.2ms)[0m  [1m[32mINSERT INTO "movies" ("name", "description", "image", "user_id", "created_at", "updated_at") VALUES (?, ?, ?, ?, ?, ?)[0m  [["name", "The Matrix"], ["description", "A computer hacker learns from mysterious rebels about the true nature of his reality and his role in the war against its controllers."], ["image", "https://www.example.com/images/the-matrix.jpg"], ["user_id", 1], ["created_at", "2023-03-31 08:09:28.842457"], ["updated_at", "2023-03-31 08:09:28.842457"]]
  ↳ app/controllers/movies_controller.rb:16:in `create'
  [1m[36mTRANSACTION (2.1ms)[0m  [1m[36mcommit transaction[0m
  ↳ app/controllers/movies_controller.rb:16:in `create'
  [1m[36mActor Load (0.1ms)[0m  [1m[34mSELECT "actors".* FROM "actors" WHERE "actors"."movie_id" = ?[0m  [["movie_id", 2]]
  ↳ app/controllers/movies_controller.rb:17:in `create'
  [1m[36mDiractor Load (0.1ms)[0m  [1m[34mSELECT "diractors".* FROM "diractors" WHERE "diractors"."movie_id" = ?[0m  [["movie_id", 2]]
  ↳ app/controllers/movies_controller.rb:17:in `create'
  [1m[36mReview Load (0.1ms)[0m  [1m[34mSELECT "reviews".* FROM "reviews" WHERE "reviews"."movie_id" = ?[0m  [["movie_id", 2]]
  ↳ app/controllers/movies_controller.rb:17:in `create'
Completed 201 Created in 26ms (Views: 9.7ms | ActiveRecord: 4.0ms | Allocations: 32687)


Started POST "/movies/2/actors" for 127.0.0.1 at 2023-03-31 11:10:20 +0300
Processing by ActorsController#create as */*
  Parameters: {"name"=>"The Matrix", "description"=>"A computer hacker learns from mysterious rebels about the true nature of his reality and his role in the war against its controllers.", "image"=>"https://www.example.com/images/the-matrix.jpg", "user_id"=>1, "actors_attributes"=>[{"name"=>"Keanu Reeves", "age"=>"57"}, {"name"=>"Carrie-Anne Moss", "age"=>"54"}], "diractors_attributes"=>[{"name"=>"Lana Wachowski", "age"=>"56"}, {"name"=>"Lilly Wachowski", "age"=>"53"}], "reviews_attributes"=>[{"title"=>"A groundbreaking film", "comment"=>"The Matrix is a landmark achievement in filmmaking that blends thrilling action with deep philosophical themes."}, {"title"=>"A must-see for sci-fi fans", "comment"=>"The Matrix is one of the most influential and visually stunning science fiction movies ever made."}], "movie_id"=>"2", "actor"=>{"name"=>"The Matrix"}}
  [1m[36mMovie Load (0.2ms)[0m  [1m[34mSELECT "movies".* FROM "movies" WHERE "movies"."id" = ? LIMIT ?[0m  [["id", 2], ["LIMIT", 1]]
  ↳ app/controllers/actors_controller.rb:39:in `set_movie'
[31mUnpermitted parameters: :description, :image, :user_id, :actors_attributes, :diractors_attributes, :reviews_attributes, :movie_id, :actor. Context: { controller: ActorsController, action: create, request: #<ActionDispatch::Request:0x00005574aa878f60>, params: {"name"=>"The Matrix", "description"=>"A computer hacker learns from mysterious rebels about the true nature of his reality and his role in the war against its controllers.", "image"=>"https://www.example.com/images/the-matrix.jpg", "user_id"=>1, "actors_attributes"=>[{"name"=>"Keanu Reeves", "age"=>"57"}, {"name"=>"Carrie-Anne Moss", "age"=>"54"}], "diractors_attributes"=>[{"name"=>"Lana Wachowski", "age"=>"56"}, {"name"=>"Lilly Wachowski", "age"=>"53"}], "reviews_attributes"=>[{"title"=>"A groundbreaking film", "comment"=>"The Matrix is a landmark achievement in filmmaking that blends thrilling action with deep philosophical themes."}, {"title"=>"A must-see for sci-fi fans", "comment"=>"The Matrix is one of the most influential and visually stunning science fiction movies ever made."}], "controller"=>"actors", "action"=>"create", "movie_id"=>"2", "actor"=>{"name"=>"The Matrix"}} }[0m
  [1m[36mTRANSACTION (0.0ms)[0m  [1m[36mbegin transaction[0m
  ↳ app/controllers/actors_controller.rb:17:in `create'
  [1m[36mActor Create (0.2ms)[0m  [1m[32mINSERT INTO "actors" ("name", "age", "movie_id", "created_at", "updated_at") VALUES (?, ?, ?, ?, ?)[0m  [["name", "The Matrix"], ["age", nil], ["movie_id", 2], ["created_at", "2023-03-31 08:10:20.141027"], ["updated_at", "2023-03-31 08:10:20.141027"]]
  ↳ app/controllers/actors_controller.rb:17:in `create'
  [1m[36mTRANSACTION (6.9ms)[0m  [1m[36mcommit transaction[0m
  ↳ app/controllers/actors_controller.rb:17:in `create'
Completed 201 Created in 23ms (Views: 0.3ms | ActiveRecord: 7.6ms | Allocations: 16551)


Started GET "/movies/2/diractors" for 127.0.0.1 at 2023-03-31 11:11:27 +0300
Processing by DiractorsController#index as */*
  Parameters: {"name"=>"The Matrix", "description"=>"A computer hacker learns from mysterious rebels about the true nature of his reality and his role in the war against its controllers.", "image"=>"https://www.example.com/images/the-matrix.jpg", "user_id"=>1, "actors_attributes"=>[{"name"=>"Keanu Reeves", "age"=>"57"}, {"name"=>"Carrie-Anne Moss", "age"=>"54"}], "diractors_attributes"=>[{"name"=>"Lana Wachowski", "age"=>"56"}, {"name"=>"Lilly Wachowski", "age"=>"53"}], "reviews_attributes"=>[{"title"=>"A groundbreaking film", "comment"=>"The Matrix is a landmark achievement in filmmaking that blends thrilling action with deep philosophical themes."}, {"title"=>"A must-see for sci-fi fans", "comment"=>"The Matrix is one of the most influential and visually stunning science fiction movies ever made."}], "movie_id"=>"2", "diractor"=>{"name"=>"The Matrix"}}
  [1m[36mMovie Load (0.1ms)[0m  [1m[34mSELECT "movies".* FROM "movies" WHERE "movies"."id" = ? LIMIT ?[0m  [["id", 2], ["LIMIT", 1]]
  ↳ app/controllers/diractors_controller.rb:39:in `set_movie'
  [1m[36mDiractor Load (0.1ms)[0m  [1m[34mSELECT "diractors".* FROM "diractors" WHERE "diractors"."movie_id" = ?[0m  [["movie_id", 2]]
  ↳ app/controllers/diractors_controller.rb:7:in `index'
Completed 200 OK in 2ms (Views: 0.9ms | ActiveRecord: 0.2ms | Allocations: 1194)


Started GET "/movies" for 127.0.0.1 at 2023-03-31 11:11:51 +0300
Processing by MoviesController#index as */*
  Parameters: {"name"=>"The Matrix", "description"=>"A computer hacker learns from mysterious rebels about the true nature of his reality and his role in the war against its controllers.", "image"=>"https://www.example.com/images/the-matrix.jpg", "user_id"=>1, "actors_attributes"=>[{"name"=>"Keanu Reeves", "age"=>"57"}, {"name"=>"Carrie-Anne Moss", "age"=>"54"}], "diractors_attributes"=>[{"name"=>"Lana Wachowski", "age"=>"56"}, {"name"=>"Lilly Wachowski", "age"=>"53"}], "reviews_attributes"=>[{"title"=>"A groundbreaking film", "comment"=>"The Matrix is a landmark achievement in filmmaking that blends thrilling action with deep philosophical themes."}, {"title"=>"A must-see for sci-fi fans", "comment"=>"The Matrix is one of the most influential and visually stunning science fiction movies ever made."}], "movie"=>{"name"=>"The Matrix", "description"=>"A computer hacker learns from mysterious rebels about the true nature of his reality and his role in the war against its controllers.", "image"=>"https://www.example.com/images/the-matrix.jpg", "user_id"=>1}}
  [1m[36mMovie Load (0.1ms)[0m  [1m[34mSELECT "movies".* FROM "movies"[0m
  ↳ app/controllers/movies_controller.rb:6:in `index'
  [1m[36mActor Load (0.0ms)[0m  [1m[34mSELECT "actors".* FROM "actors" WHERE "actors"."movie_id" = ?[0m  [["movie_id", 1]]
  ↳ app/controllers/movies_controller.rb:6:in `index'
  [1m[36mDiractor Load (0.0ms)[0m  [1m[34mSELECT "diractors".* FROM "diractors" WHERE "diractors"."movie_id" = ?[0m  [["movie_id", 1]]
  ↳ app/controllers/movies_controller.rb:6:in `index'
  [1m[36mReview Load (0.0ms)[0m  [1m[34mSELECT "reviews".* FROM "reviews" WHERE "reviews"."movie_id" = ?[0m  [["movie_id", 1]]
  ↳ app/controllers/movies_controller.rb:6:in `index'
  [1m[36mActor Load (0.1ms)[0m  [1m[34mSELECT "actors".* FROM "actors" WHERE "actors"."movie_id" = ?[0m  [["movie_id", 2]]
  ↳ app/controllers/movies_controller.rb:6:in `index'
  [1m[36mDiractor Load (0.0ms)[0m  [1m[34mSELECT "diractors".* FROM "diractors" WHERE "diractors"."movie_id" = ?[0m  [["movie_id", 2]]
  ↳ app/controllers/movies_controller.rb:6:in `index'
  [1m[36mReview Load (0.0ms)[0m  [1m[34mSELECT "reviews".* FROM "reviews" WHERE "reviews"."movie_id" = ?[0m  [["movie_id", 2]]
  ↳ app/controllers/movies_controller.rb:6:in `index'
Completed 200 OK in 6ms (Views: 5.1ms | ActiveRecord: 0.4ms | Allocations: 5252)


Started POST "/movies" for 127.0.0.1 at 2023-03-31 11:12:22 +0300
Processing by MoviesController#create as */*
  Parameters: {"name"=>"The check", "description"=>"A computer hacker learns from mysterious rebels about the true nature of his reality and his role in the war against its controllers.", "image"=>"https://www.example.com/images/the-matrix.jpg", "user_id"=>1, "actors_attributes"=>[{"name"=>"Keanu Reeves", "age"=>"57"}, {"name"=>"Carrie-Anne Moss", "age"=>"54"}], "diractors_attributes"=>[{"name"=>"Lana Wachowski", "age"=>"56"}, {"name"=>"Lilly Wachowski", "age"=>"53"}], "reviews_attributes"=>[{"title"=>"A groundbreaking film", "comment"=>"The Matrix is a landmark achievement in filmmaking that blends thrilling action with deep philosophical themes."}, {"title"=>"A must-see for sci-fi fans", "comment"=>"The Matrix is one of the most influential and visually stunning science fiction movies ever made."}], "movie"=>{"name"=>"The check", "description"=>"A computer hacker learns from mysterious rebels about the true nature of his reality and his role in the war against its controllers.", "image"=>"https://www.example.com/images/the-matrix.jpg", "user_id"=>1}}
[31mUnpermitted parameters: :actors_attributes, :diractors_attributes, :reviews_attributes, :movie. Context: { controller: MoviesController, action: create, request: #<ActionDispatch::Request:0x00007f57e4aecc00>, params: {"name"=>"The check", "description"=>"A computer hacker learns from mysterious rebels about the true nature of his reality and his role in the war against its controllers.", "image"=>"https://www.example.com/images/the-matrix.jpg", "user_id"=>1, "actors_attributes"=>[{"name"=>"Keanu Reeves", "age"=>"57"}, {"name"=>"Carrie-Anne Moss", "age"=>"54"}], "diractors_attributes"=>[{"name"=>"Lana Wachowski", "age"=>"56"}, {"name"=>"Lilly Wachowski", "age"=>"53"}], "reviews_attributes"=>[{"title"=>"A groundbreaking film", "comment"=>"The Matrix is a landmark achievement in filmmaking that blends thrilling action with deep philosophical themes."}, {"title"=>"A must-see for sci-fi fans", "comment"=>"The Matrix is one of the most influential and visually stunning science fiction movies ever made."}], "controller"=>"movies", "action"=>"create", "movie"=>{"name"=>"The check", "description"=>"A computer hacker learns from mysterious rebels about the true nature of his reality and his role in the war against its controllers.", "image"=>"https://www.example.com/images/the-matrix.jpg", "user_id"=>1}} }[0m
  [1m[36mTRANSACTION (0.1ms)[0m  [1m[36mbegin transaction[0m
  ↳ app/controllers/movies_controller.rb:16:in `create'
  [1m[36mUser Load (0.1ms)[0m  [1m[34mSELECT "users".* FROM "users" WHERE "users"."id" = ? LIMIT ?[0m  [["id", 1], ["LIMIT", 1]]
  ↳ app/controllers/movies_controller.rb:16:in `create'
  [1m[36mMovie Create (0.2ms)[0m  [1m[32mINSERT INTO "movies" ("name", "description", "image", "user_id", "created_at", "updated_at") VALUES (?, ?, ?, ?, ?, ?)[0m  [["name", "The check"], ["description", "A computer hacker learns from mysterious rebels about the true nature of his reality and his role in the war against its controllers."], ["image", "https://www.example.com/images/the-matrix.jpg"], ["user_id", 1], ["created_at", "2023-03-31 08:12:22.697283"], ["updated_at", "2023-03-31 08:12:22.697283"]]
  ↳ app/controllers/movies_controller.rb:16:in `create'
  [1m[36mTRANSACTION (7.1ms)[0m  [1m[36mcommit transaction[0m
  ↳ app/controllers/movies_controller.rb:16:in `create'
  [1m[36mActor Load (0.1ms)[0m  [1m[34mSELECT "actors".* FROM "actors" WHERE "actors"."movie_id" = ?[0m  [["movie_id", 3]]
  ↳ app/controllers/movies_controller.rb:17:in `create'
  [1m[36mDiractor Load (0.0ms)[0m  [1m[34mSELECT "diractors".* FROM "diractors" WHERE "diractors"."movie_id" = ?[0m  [["movie_id", 3]]
  ↳ app/controllers/movies_controller.rb:17:in `create'
  [1m[36mReview Load (0.0ms)[0m  [1m[34mSELECT "reviews".* FROM "reviews" WHERE "reviews"."movie_id" = ?[0m  [["movie_id", 3]]
  ↳ app/controllers/movies_controller.rb:17:in `create'
Completed 201 Created in 14ms (Views: 2.7ms | ActiveRecord: 7.6ms | Allocations: 4920)


Started GET "/movies/actors" for 127.0.0.1 at 2023-03-31 11:12:43 +0300
Processing by MoviesController#show as */*
  Parameters: {"name"=>"The check", "description"=>"A computer hacker learns from mysterious rebels about the true nature of his reality and his role in the war against its controllers.", "image"=>"https://www.example.com/images/the-matrix.jpg", "user_id"=>1, "actors_attributes"=>[{"name"=>"Keanu Reeves", "age"=>"57"}, {"name"=>"Carrie-Anne Moss", "age"=>"54"}], "diractors_attributes"=>[{"name"=>"Lana Wachowski", "age"=>"56"}, {"name"=>"Lilly Wachowski", "age"=>"53"}], "reviews_attributes"=>[{"title"=>"A groundbreaking film", "comment"=>"The Matrix is a landmark achievement in filmmaking that blends thrilling action with deep philosophical themes."}, {"title"=>"A must-see for sci-fi fans", "comment"=>"The Matrix is one of the most influential and visually stunning science fiction movies ever made."}], "id"=>"actors", "movie"=>{"name"=>"The check", "description"=>"A computer hacker learns from mysterious rebels about the true nature of his reality and his role in the war against its controllers.", "image"=>"https://www.example.com/images/the-matrix.jpg", "user_id"=>1}}
  [1m[36mMovie Load (0.1ms)[0m  [1m[34mSELECT "movies".* FROM "movies" WHERE "movies"."id" = ? LIMIT ?[0m  [["id", nil], ["LIMIT", 1]]
  ↳ app/controllers/movies_controller.rb:38:in `set_movie'
Completed 404 Not Found in 1ms (ActiveRecord: 0.1ms | Allocations: 485)


  
ActiveRecord::RecordNotFound (Couldn't find Movie with 'id'=actors):
  
app/controllers/movies_controller.rb:38:in `set_movie'
Started GET "/movies" for 127.0.0.1 at 2023-03-31 11:13:14 +0300
Processing by MoviesController#index as */*
  Parameters: {"name"=>"The check", "description"=>"A computer hacker learns from mysterious rebels about the true nature of his reality and his role in the war against its controllers.", "image"=>"https://www.example.com/images/the-matrix.jpg", "user_id"=>1, "actors_attributes"=>[{"name"=>"Keanu Reeves", "age"=>"57"}, {"name"=>"Carrie-Anne Moss", "age"=>"54"}], "diractors_attributes"=>[{"name"=>"Lana Wachowski", "age"=>"56"}, {"name"=>"Lilly Wachowski", "age"=>"53"}], "reviews_attributes"=>[{"title"=>"A groundbreaking film", "comment"=>"The Matrix is a landmark achievement in filmmaking that blends thrilling action with deep philosophical themes."}, {"title"=>"A must-see for sci-fi fans", "comment"=>"The Matrix is one of the most influential and visually stunning science fiction movies ever made."}], "movie"=>{"name"=>"The check", "description"=>"A computer hacker learns from mysterious rebels about the true nature of his reality and his role in the war against its controllers.", "image"=>"https://www.example.com/images/the-matrix.jpg", "user_id"=>1}}
  [1m[36mMovie Load (0.1ms)[0m  [1m[34mSELECT "movies".* FROM "movies"[0m
  ↳ app/controllers/movies_controller.rb:6:in `index'
  [1m[36mActor Load (0.1ms)[0m  [1m[34mSELECT "actors".* FROM "actors" WHERE "actors"."movie_id" = ?[0m  [["movie_id", 1]]
  ↳ app/controllers/movies_controller.rb:6:in `index'
  [1m[36mDiractor Load (0.1ms)[0m  [1m[34mSELECT "diractors".* FROM "diractors" WHERE "diractors"."movie_id" = ?[0m  [["movie_id", 1]]
  ↳ app/controllers/movies_controller.rb:6:in `index'
  [1m[36mReview Load (0.1ms)[0m  [1m[34mSELECT "reviews".* FROM "reviews" WHERE "reviews"."movie_id" = ?[0m  [["movie_id", 1]]
  ↳ app/controllers/movies_controller.rb:6:in `index'
  [1m[36mActor Load (0.1ms)[0m  [1m[34mSELECT "actors".* FROM "actors" WHERE "actors"."movie_id" = ?[0m  [["movie_id", 2]]
  ↳ app/controllers/movies_controller.rb:6:in `index'
  [1m[36mDiractor Load (0.1ms)[0m  [1m[34mSELECT "diractors".* FROM "diractors" WHERE "diractors"."movie_id" = ?[0m  [["movie_id", 2]]
  ↳ app/controllers/movies_controller.rb:6:in `index'
  [1m[36mReview Load (0.1ms)[0m  [1m[34mSELECT "reviews".* FROM "reviews" WHERE "reviews"."movie_id" = ?[0m  [["movie_id", 2]]
  ↳ app/controllers/movies_controller.rb:6:in `index'
  [1m[36mActor Load (0.1ms)[0m  [1m[34mSELECT "actors".* FROM "actors" WHERE "actors"."movie_id" = ?[0m  [["movie_id", 3]]
  ↳ app/controllers/movies_controller.rb:6:in `index'
  [1m[36mDiractor Load (0.0ms)[0m  [1m[34mSELECT "diractors".* FROM "diractors" WHERE "diractors"."movie_id" = ?[0m  [["movie_id", 3]]
  ↳ app/controllers/movies_controller.rb:6:in `index'
  [1m[36mReview Load (0.0ms)[0m  [1m[34mSELECT "reviews".* FROM "reviews" WHERE "reviews"."movie_id" = ?[0m  [["movie_id", 3]]
  ↳ app/controllers/movies_controller.rb:6:in `index'
Completed 200 OK in 21ms (Views: 20.3ms | ActiveRecord: 0.7ms | Allocations: 7468)


